> Task :app:checkKotlinGradlePluginConfigurationErrors SKIPPED
> Task :app:extractDebugProto
> Task :app:extractIncludeDebugProto
> Task :app:extractProto
> Task :app:generateDebugProto
> Task :app:preBuild UP-TO-DATE
> Task :app:preDebugBuild UP-TO-DATE
> Task :app:checkDebugAarMetadata
> Task :app:generateDebugResValues
> Task :app:mapDebugSourceSetPaths
> Task :app:generateDebugResources
> Task :app:packageDebugResources
> Task :app:createDebugCompatibleScreenManifests
> Task :app:extractDeepLinksDebug
> Task :app:parseDebugLocalResources
> Task :app:mergeDebugResources
> Task :app:processDebugMainManifest
> Task :app:processDebugManifest
> Task :app:processDebugManifestForPackage
> Task :app:processDebugResources
> Task :app:kspDebugKotlin

> Task :app:compileDebugKotlin

> Task :app:compileDebugKotlin FAILED
19 actionable tasks: 19 executed
