Initialized native services in: /home/jcron/.gradle/native
Initialized jansi services in: /home/jcron/.gradle/native
The client will now receive all logging from the daemon (pid: 15430). The daemon log file: /home/jcron/.gradle/daemon/8.13/daemon-15430.out.log
Starting 2nd build in daemon [uptime: 41.825 secs, performance: 100%, GC rate: 0.00/s, heap usage: 0% of 2 GiB]
Using 1 worker leases.
Not watching /mnt/c/Users/jcron/AndroidStudioProjects/EmberAudioPlayer3 since the file system is not supported
Watching the file system is configured to be enabled if available
File system watching is active
Starting Build
Settings evaluated using settings file '/mnt/c/Users/jcron/AndroidStudioProjects/EmberAudioPlayer3/settings.gradle.kts'.
Projects loaded. Root project using build file '/mnt/c/Users/jcron/AndroidStudioProjects/EmberAudioPlayer3/build.gradle.kts'.
Included projects: [root project 'EmberAudioPlayer', project ':app']

> Configure project :
Evaluating root project 'EmberAudioPlayer' using build file '/mnt/c/Users/jcron/AndroidStudioProjects/EmberAudioPlayer3/build.gradle.kts'.
Resolved plugin [id: 'com.android.application', version: '8.12.0', apply: false]
Resolved plugin [id: 'org.jetbrains.kotlin.android', version: '2.1.20', apply: false]
Resolved plugin [id: 'org.jetbrains.kotlin.plugin.compose', version: '2.1.20', apply: false]
Resolved plugin [id: 'com.google.devtools.ksp', version: '2.1.20-1.0.32', apply: false]
Resolved plugin [id: 'com.google.dagger.hilt.android', version: '2.57.1', apply: false]
Resolved plugin [id: 'com.google.protobuf', version: '0.9.4', apply: false]

> Configure project :app
Evaluating project ':app' using build file '/mnt/c/Users/jcron/AndroidStudioProjects/EmberAudioPlayer3/app/build.gradle.kts'.
Resolved plugin [id: 'com.android.application', version: '8.12.0']
Resolved plugin [id: 'org.jetbrains.kotlin.android', version: '2.1.20']
Resolved plugin [id: 'org.jetbrains.kotlin.plugin.compose']
Resolved plugin [id: 'com.google.devtools.ksp']
Resolved plugin [id: 'com.google.dagger.hilt.android']
Resolved plugin [id: 'com.google.protobuf']
Using default execution profile
Build 4d663697-ae59-4984-b4be-55a9b07f89fc is started
Using Kotlin Gradle Plugin gradle85 variant
The com.google.protobuf plugin was already applied to the project: :app and will not be applied again after plugin: android
Detected Android Gradle Plugin compose compiler configuration
Detected Android Gradle Plugin compose compiler configuration
Detected Android Gradle Plugin compose compiler configuration
Detected Android Gradle Plugin compose compiler configuration
Detected Android Gradle Plugin compose compiler configuration
------------------------------------------------------------------------
Detecting the operating system and CPU architecture
------------------------------------------------------------------------
os.detected.name=linux
os.detected.arch=x86_64
os.detected.bitness=64
os.detected.version=6.6
os.detected.version.major=6
os.detected.version.minor=6
os.detected.release=ubuntu
os.detected.release.version=24.04
os.detected.release.like.ubuntu=true
os.detected.release.like.debian=true
os.detected.classifier=linux-x86_64
All projects evaluated.
Task path ':app:compileDebugKotlin' matched project ':app'
Task name matched 'compileDebugKotlin'
Adding -Xuse-inline-scopes-numbers Kotlin compiler flag for task :app:compileDebugKotlin
Selected primary task 'compileDebugKotlin' from project :app
Tasks to be executed: [task ':app:checkKotlinGradlePluginConfigurationErrors', task ':app:extractDebugProto', task ':app:extractIncludeDebugProto', task ':app:extractProto', task ':app:generateDebugProto', task ':app:preBuild', task ':app:preDebugBuild', task ':app:checkDebugAarMetadata', task ':app:generateDebugResValues', task ':app:mapDebugSourceSetPaths', task ':app:generateDebugResources', task ':app:mergeDebugResources', task ':app:packageDebugResources', task ':app:parseDebugLocalResources', task ':app:createDebugCompatibleScreenManifests', task ':app:extractDeepLinksDebug', task ':app:processDebugMainManifest', task ':app:processDebugManifest', task ':app:processDebugManifestForPackage', task ':app:processDebugResources', task ':app:kspDebugKotlin', task ':app:compileDebugKotlin']
Tasks that were excluded: []
Resolve mutations for :app:checkKotlinGradlePluginConfigurationErrors (Thread[included builds,5,main]) started.
:app:checkKotlinGradlePluginConfigurationErrors (Thread[included builds,5,main]) started.

> Task :app:checkKotlinGradlePluginConfigurationErrors SKIPPED
Skipping task ':app:checkKotlinGradlePluginConfigurationErrors' as task onlyIf 'errorDiagnostics are present' is false.
Resolve mutations for :app:extractDebugProto (Thread[included builds,5,main]) started.
:app:extractDebugProto (Thread[included builds,5,main]) started.

> Task :app:extractDebugProto UP-TO-DATE
Caching disabled for task ':app:extractDebugProto' because:
  Build cache is disabled
  Caching has not been enabled for the task
Skipping task ':app:extractDebugProto' as it is up-to-date.
Resolve mutations for :app:extractIncludeDebugProto (Thread[included builds,5,main]) started.
:app:extractIncludeDebugProto (Thread[included builds,5,main]) started.

> Task :app:extractIncludeDebugProto UP-TO-DATE
Caching disabled for task ':app:extractIncludeDebugProto' because:
  Build cache is disabled
  Caching has not been enabled for the task
Skipping task ':app:extractIncludeDebugProto' as it is up-to-date.
Resolve mutations for :app:extractProto (Thread[included builds,5,main]) started.
:app:extractProto (Thread[included builds,5,main]) started.

> Task :app:extractProto UP-TO-DATE
Caching disabled for task ':app:extractProto' because:
  Build cache is disabled
  Caching has not been enabled for the task
Skipping task ':app:extractProto' as it is up-to-date.
Resolve mutations for :app:generateDebugProto (Thread[included builds,5,main]) started.
:app:generateDebugProto (Thread[included builds,5,main]) started.

> Task :app:generateDebugProto UP-TO-DATE
Custom actions are attached to task ':app:generateDebugProto'.
Caching disabled for task ':app:generateDebugProto' because:
  Build cache is disabled
Skipping task ':app:generateDebugProto' as it is up-to-date.
Resolve mutations for :app:preBuild (Thread[included builds,5,main]) started.
:app:preBuild (Thread[included builds,5,main]) started.

> Task :app:preBuild UP-TO-DATE
Skipping task ':app:preBuild' as it has no actions.
Resolve mutations for :app:preDebugBuild (Thread[included builds,5,main]) started.
:app:preDebugBuild (Thread[included builds,5,main]) started.

> Task :app:preDebugBuild UP-TO-DATE
Skipping task ':app:preDebugBuild' as it has no actions.
Resolve mutations for :app:checkDebugAarMetadata (Thread[included builds,5,main]) started.
:app:checkDebugAarMetadata (Thread[included builds,5,main]) started.

> Task :app:checkDebugAarMetadata UP-TO-DATE
Caching disabled for task ':app:checkDebugAarMetadata' because:
  Build cache is disabled
  Caching has been disabled for the task
Skipping task ':app:checkDebugAarMetadata' as it is up-to-date.
Resolve mutations for :app:generateDebugResValues (Thread[included builds,5,main]) started.
:app:generateDebugResValues (Thread[included builds,5,main]) started.

> Task :app:generateDebugResValues UP-TO-DATE
Caching disabled for task ':app:generateDebugResValues' because:
  Build cache is disabled
Skipping task ':app:generateDebugResValues' as it is up-to-date.
Resolve mutations for :app:mapDebugSourceSetPaths (Thread[included builds,5,main]) started.
:app:mapDebugSourceSetPaths (Thread[included builds,5,main]) started.

> Task :app:mapDebugSourceSetPaths UP-TO-DATE
Caching disabled for task ':app:mapDebugSourceSetPaths' because:
  Build cache is disabled
  Caching has been disabled for the task
Skipping task ':app:mapDebugSourceSetPaths' as it is up-to-date.
Resolve mutations for :app:generateDebugResources (Thread[included builds,5,main]) started.
:app:generateDebugResources (Thread[included builds,5,main]) started.

> Task :app:generateDebugResources UP-TO-DATE
Caching disabled for task ':app:generateDebugResources' because:
  Build cache is disabled
Skipping task ':app:generateDebugResources' as it is up-to-date.
Resolve mutations for :app:mergeDebugResources (Thread[included builds,5,main]) started.
:app:mergeDebugResources (Thread[included builds,5,main]) started.

> Task :app:mergeDebugResources UP-TO-DATE
Caching disabled for task ':app:mergeDebugResources' because:
  Build cache is disabled
Skipping task ':app:mergeDebugResources' as it is up-to-date.
Resolve mutations for :app:packageDebugResources (Thread[included builds,5,main]) started.
:app:packageDebugResources (Thread[included builds,5,main]) started.

> Task :app:packageDebugResources UP-TO-DATE
Caching disabled for task ':app:packageDebugResources' because:
  Build cache is disabled
Skipping task ':app:packageDebugResources' as it is up-to-date.
Resolve mutations for :app:parseDebugLocalResources (Thread[included builds,5,main]) started.
:app:parseDebugLocalResources (Thread[included builds,5,main]) started.

> Task :app:parseDebugLocalResources UP-TO-DATE
Caching disabled for task ':app:parseDebugLocalResources' because:
  Build cache is disabled
Skipping task ':app:parseDebugLocalResources' as it is up-to-date.
Resolve mutations for :app:createDebugCompatibleScreenManifests (Thread[included builds,5,main]) started.
:app:createDebugCompatibleScreenManifests (Thread[included builds,5,main]) started.

> Task :app:createDebugCompatibleScreenManifests UP-TO-DATE
Caching disabled for task ':app:createDebugCompatibleScreenManifests' because:
  Build cache is disabled
  Caching has been disabled for the task
Skipping task ':app:createDebugCompatibleScreenManifests' as it is up-to-date.
Resolve mutations for :app:extractDeepLinksDebug (Thread[included builds,5,main]) started.
:app:extractDeepLinksDebug (Thread[included builds,5,main]) started.

> Task :app:extractDeepLinksDebug UP-TO-DATE
Caching disabled for task ':app:extractDeepLinksDebug' because:
  Build cache is disabled
Skipping task ':app:extractDeepLinksDebug' as it is up-to-date.
Resolve mutations for :app:processDebugMainManifest (Thread[included builds,5,main]) started.
:app:processDebugMainManifest (Thread[included builds,5,main]) started.

> Task :app:processDebugMainManifest UP-TO-DATE
Caching disabled for task ':app:processDebugMainManifest' because:
  Build cache is disabled
Skipping task ':app:processDebugMainManifest' as it is up-to-date.
Resolve mutations for :app:processDebugManifest (Thread[included builds,5,main]) started.
:app:processDebugManifest (Thread[included builds,5,main]) started.

> Task :app:processDebugManifest UP-TO-DATE
Caching disabled for task ':app:processDebugManifest' because:
  Build cache is disabled
Skipping task ':app:processDebugManifest' as it is up-to-date.
Resolve mutations for :app:processDebugManifestForPackage (Thread[included builds,5,main]) started.
:app:processDebugManifestForPackage (Thread[included builds,5,main]) started.

> Task :app:processDebugManifestForPackage UP-TO-DATE
Custom actions are attached to task ':app:processDebugManifestForPackage'.
Caching disabled for task ':app:processDebugManifestForPackage' because:
  Build cache is disabled
Skipping task ':app:processDebugManifestForPackage' as it is up-to-date.
Resolve mutations for :app:processDebugResources (Thread[included builds,5,main]) started.
:app:processDebugResources (Thread[included builds,5,main]) started.

> Task :app:processDebugResources UP-TO-DATE
Caching disabled for task ':app:processDebugResources' because:
  Build cache is disabled
Skipping task ':app:processDebugResources' as it is up-to-date.
Resolve mutations for :app:kspDebugKotlin (Thread[included builds,5,main]) started.
:app:kspDebugKotlin (Thread[included builds,5,main]) started.

> Task :app:kspDebugKotlin
file or directory '/mnt/c/Users/jcron/AndroidStudioProjects/EmberAudioPlayer3/app/src/debug/kotlin', not found
file or directory '/mnt/c/Users/jcron/AndroidStudioProjects/EmberAudioPlayer3/app/src/debug/java', not found
file or directory '/mnt/c/Users/jcron/AndroidStudioProjects/EmberAudioPlayer3/app/src/main/kotlin', not found
file or directory '/mnt/c/Users/jcron/AndroidStudioProjects/EmberAudioPlayer3/app/src/debug/java', not found
Adding -Xuse-inline-scopes-numbers Kotlin compiler flag for task :app:compileDebugAndroidTestKotlin
file or directory '/mnt/c/Users/jcron/AndroidStudioProjects/EmberAudioPlayer3/app/src/debug/kotlin', not found
file or directory '/mnt/c/Users/jcron/AndroidStudioProjects/EmberAudioPlayer3/app/src/debug/java', not found
file or directory '/mnt/c/Users/jcron/AndroidStudioProjects/EmberAudioPlayer3/app/src/main/kotlin', not found
file or directory '/mnt/c/Users/jcron/AndroidStudioProjects/EmberAudioPlayer3/app/src/debug/java', not found
Caching disabled for task ':app:kspDebugKotlin' because:
  Build cache is disabled
Task ':app:kspDebugKotlin' is not up-to-date because:
  Input property 'sources' file /mnt/c/Users/jcron/AndroidStudioProjects/EmberAudioPlayer3/app/src/main/java/com/ember/audio/ui/search/SearchScreen.kt has changed.
file or directory '/mnt/c/Users/jcron/AndroidStudioProjects/EmberAudioPlayer3/app/src/debug/kotlin', not found
file or directory '/mnt/c/Users/jcron/AndroidStudioProjects/EmberAudioPlayer3/app/src/debug/java', not found
file or directory '/mnt/c/Users/jcron/AndroidStudioProjects/EmberAudioPlayer3/app/src/main/kotlin', not found
file or directory '/mnt/c/Users/jcron/AndroidStudioProjects/EmberAudioPlayer3/app/src/debug/java', not found
file or directory '/mnt/c/Users/jcron/AndroidStudioProjects/EmberAudioPlayer3/app/src/debug/kotlin', not found
file or directory '/mnt/c/Users/jcron/AndroidStudioProjects/EmberAudioPlayer3/app/src/debug/java', not found
file or directory '/mnt/c/Users/jcron/AndroidStudioProjects/EmberAudioPlayer3/app/src/main/kotlin', not found
file or directory '/mnt/c/Users/jcron/AndroidStudioProjects/EmberAudioPlayer3/app/src/debug/java', not found
file or directory '/mnt/c/Users/jcron/AndroidStudioProjects/EmberAudioPlayer3/app/src/debug/kotlin', not found
file or directory '/mnt/c/Users/jcron/AndroidStudioProjects/EmberAudioPlayer3/app/src/debug/java', not found
file or directory '/mnt/c/Users/jcron/AndroidStudioProjects/EmberAudioPlayer3/app/src/main/kotlin', not found
file or directory '/mnt/c/Users/jcron/AndroidStudioProjects/EmberAudioPlayer3/app/src/debug/java', not found
file or directory '/mnt/c/Users/jcron/AndroidStudioProjects/EmberAudioPlayer3/app/src/debug/kotlin', not found
file or directory '/mnt/c/Users/jcron/AndroidStudioProjects/EmberAudioPlayer3/app/src/debug/java', not found
file or directory '/mnt/c/Users/jcron/AndroidStudioProjects/EmberAudioPlayer3/app/src/main/kotlin', not found
file or directory '/mnt/c/Users/jcron/AndroidStudioProjects/EmberAudioPlayer3/app/src/debug/java', not found
Kotlin source files: /mnt/c/Users/jcron/AndroidStudioProjects/EmberAudioPlayer3/app/src/main/java/com/ember/audio/data/db/Daos.kt, /mnt/c/Users/jcron/AndroidStudioProjects/EmberAudioPlayer3/app/src/main/java/com/ember/audio/data/db/EmberDatabase.kt, /mnt/c/Users/jcron/AndroidStudioProjects/EmberAudioPlayer3/app/src/main/java/com/ember/audio/data/db/Entities.kt, /mnt/c/Users/jcron/AndroidStudioProjects/EmberAudioPlayer3/app/src/main/java/com/ember/audio/data/db/Models.kt, /mnt/c/Users/jcron/AndroidStudioProjects/EmberAudioPlayer3/app/src/main/java/com/ember/audio/data/prefs/FavoritesStore.kt, /mnt/c/Users/jcron/AndroidStudioProjects/EmberAudioPlayer3/app/src/main/java/com/ember/audio/data/prefs/TrackEqStore.kt, /mnt/c/Users/jcron/AndroidStudioProjects/EmberAudioPlayer3/app/src/main/java/com/ember/audio/data/settings/AppSettingsSerializer.kt, /mnt/c/Users/jcron/AndroidStudioProjects/EmberAudioPlayer3/app/src/main/java/com/ember/audio/data/settings/SettingsRepository.kt, /mnt/c/Users/jcron/AndroidStudioProjects/EmberAudioPlayer3/app/src/main/java/com/ember/audio/data/sleep/SleepStore.kt, /mnt/c/Users/jcron/AndroidStudioProjects/EmberAudioPlayer3/app/src/main/java/com/ember/audio/di/DataStoreModule.kt, /mnt/c/Users/jcron/AndroidStudioProjects/EmberAudioPlayer3/app/src/main/java/com/ember/audio/di/PlayerModule.kt, /mnt/c/Users/jcron/AndroidStudioProjects/EmberAudioPlayer3/app/src/main/java/com/ember/audio/di/RepoModule.kt, /mnt/c/Users/jcron/AndroidStudioProjects/EmberAudioPlayer3/app/src/main/java/com/ember/audio/EmberApp.kt, /mnt/c/Users/jcron/AndroidStudioProjects/EmberAudioPlayer3/app/src/main/java/com/ember/audio/MainActivity.kt, /mnt/c/Users/jcron/AndroidStudioProjects/EmberAudioPlayer3/app/src/main/java/com/ember/audio/playback/EmberPlaybackService.kt, /mnt/c/Users/jcron/AndroidStudioProjects/EmberAudioPlayer3/app/src/main/java/com/ember/audio/playback/EqualizerEngine.kt, /mnt/c/Users/jcron/AndroidStudioProjects/EmberAudioPlayer3/app/src/main/java/com/ember/audio/playback/PlaybackViewModel.kt, /mnt/c/Users/jcron/AndroidStudioProjects/EmberAudioPlayer3/app/src/main/java/com/ember/audio/playlists/PlaylistDetailsViewModel.kt, /mnt/c/Users/jcron/AndroidStudioProjects/EmberAudioPlayer3/app/src/main/java/com/ember/audio/playlists/PlaylistRepository.kt, /mnt/c/Users/jcron/AndroidStudioProjects/EmberAudioPlayer3/app/src/main/java/com/ember/audio/playlists/PlaylistViewModel.kt, /mnt/c/Users/jcron/AndroidStudioProjects/EmberAudioPlayer3/app/src/main/java/com/ember/audio/scanner/MediaScanner.kt, /mnt/c/Users/jcron/AndroidStudioProjects/EmberAudioPlayer3/app/src/main/java/com/ember/audio/settings/SettingsViewModel.kt, /mnt/c/Users/jcron/AndroidStudioProjects/EmberAudioPlayer3/app/src/main/java/com/ember/audio/ui/AppShell.kt, /mnt/c/Users/jcron/AndroidStudioProjects/EmberAudioPlayer3/app/src/main/java/com/ember/audio/ui/common/AlbumCard.kt, /mnt/c/Users/jcron/AndroidStudioProjects/EmberAudioPlayer3/app/src/main/java/com/ember/audio/ui/common/Artwork.kt, /mnt/c/Users/jcron/AndroidStudioProjects/EmberAudioPlayer3/app/src/main/java/com/ember/audio/ui/common/Dimens.kt, /mnt/c/Users/jcron/AndroidStudioProjects/EmberAudioPlayer3/app/src/main/java/com/ember/audio/ui/common/GlowPress.kt, /mnt/c/Users/jcron/AndroidStudioProjects/EmberAudioPlayer3/app/src/main/java/com/ember/audio/ui/common/InnerShadowCard.kt, /mnt/c/Users/jcron/AndroidStudioProjects/EmberAudioPlayer3/app/src/main/java/com/ember/audio/ui/common/LibraryRow.kt, /mnt/c/Users/jcron/AndroidStudioProjects/EmberAudioPlayer3/app/src/main/java/com/ember/audio/ui/common/PaletteBackdrop.kt, /mnt/c/Users/jcron/AndroidStudioProjects/EmberAudioPlayer3/app/src/main/java/com/ember/audio/ui/common/SectionHeader.kt, /mnt/c/Users/jcron/AndroidStudioProjects/EmberAudioPlayer3/app/src/main/java/com/ember/audio/ui/home/all/AllScreen.kt, /mnt/c/Users/jcron/AndroidStudioProjects/EmberAudioPlayer3/app/src/main/java/com/ember/audio/ui/library/AlbumDetailsScreen.kt, /mnt/c/Users/jcron/AndroidStudioProjects/EmberAudioPlayer3/app/src/main/java/com/ember/audio/ui/library/AlbumsScreen.kt, /mnt/c/Users/jcron/AndroidStudioProjects/EmberAudioPlayer3/app/src/main/java/com/ember/audio/ui/library/ArtistDetailsScreen.kt, /mnt/c/Users/jcron/AndroidStudioProjects/EmberAudioPlayer3/app/src/main/java/com/ember/audio/ui/library/ArtistsScreen.kt, /mnt/c/Users/jcron/AndroidStudioProjects/EmberAudioPlayer3/app/src/main/java/com/ember/audio/ui/library/FoldersScreen.kt, /mnt/c/Users/jcron/AndroidStudioProjects/EmberAudioPlayer3/app/src/main/java/com/ember/audio/ui/library/GenresScreen.kt, /mnt/c/Users/jcron/AndroidStudioProjects/EmberAudioPlayer3/app/src/main/java/com/ember/audio/ui/library/PlaylistDetailsScreen.kt, /mnt/c/Users/jcron/AndroidStudioProjects/EmberAudioPlayer3/app/src/main/java/com/ember/audio/ui/library/PlaylistsScreen.kt, /mnt/c/Users/jcron/AndroidStudioProjects/EmberAudioPlayer3/app/src/main/java/com/ember/audio/ui/library/SmartPlaylists.kt, /mnt/c/Users/jcron/AndroidStudioProjects/EmberAudioPlayer3/app/src/main/java/com/ember/audio/ui/library/SongsScreen.kt, /mnt/c/Users/jcron/AndroidStudioProjects/EmberAudioPlayer3/app/src/main/java/com/ember/audio/ui/Permissions.kt, /mnt/c/Users/jcron/AndroidStudioProjects/EmberAudioPlayer3/app/src/main/java/com/ember/audio/ui/player/EqSheet.kt, /mnt/c/Users/jcron/AndroidStudioProjects/EmberAudioPlayer3/app/src/main/java/com/ember/audio/ui/player/MiniPlayer.kt, /mnt/c/Users/jcron/AndroidStudioProjects/EmberAudioPlayer3/app/src/main/java/com/ember/audio/ui/player/NowPlayingSheet.kt, /mnt/c/Users/jcron/AndroidStudioProjects/EmberAudioPlayer3/app/src/main/java/com/ember/audio/ui/player/NowPlayingV2.kt, /mnt/c/Users/jcron/AndroidStudioProjects/EmberAudioPlayer3/app/src/main/java/com/ember/audio/ui/player/QueueSheet.kt, /mnt/c/Users/jcron/AndroidStudioProjects/EmberAudioPlayer3/app/src/main/java/com/ember/audio/ui/player/SleepSheet.kt, /mnt/c/Users/jcron/AndroidStudioProjects/EmberAudioPlayer3/app/src/main/java/com/ember/audio/ui/search/SearchScreen.kt, /mnt/c/Users/jcron/AndroidStudioProjects/EmberAudioPlayer3/app/src/main/java/com/ember/audio/ui/settings/SettingsScreen.kt, /mnt/c/Users/jcron/AndroidStudioProjects/EmberAudioPlayer3/app/src/main/java/com/ember/audio/ui/settings/ThemeStudioScreen.kt, /mnt/c/Users/jcron/AndroidStudioProjects/EmberAudioPlayer3/app/src/main/java/com/ember/audio/ui/theme/Theme.kt, /mnt/c/Users/jcron/AndroidStudioProjects/EmberAudioPlayer3/app/src/main/java/com/ember/audio/ui/util/ArtCache.kt, /mnt/c/Users/jcron/AndroidStudioProjects/EmberAudioPlayer3/app/src/main/java/com/ember/audio/ui/util/Intents.kt, /mnt/c/Users/jcron/AndroidStudioProjects/EmberAudioPlayer3/app/src/main/java/com/ember/audio/ui/util/PaletteCache.kt
Java source files: /mnt/c/Users/jcron/AndroidStudioProjects/EmberAudioPlayer3/app/build/generated/source/proto/debug/java/com/ember/audio/settings/AppSettings.java, /mnt/c/Users/jcron/AndroidStudioProjects/EmberAudioPlayer3/app/build/generated/source/proto/debug/java/com/ember/audio/settings/AppSettingsOrBuilder.java, /mnt/c/Users/jcron/AndroidStudioProjects/EmberAudioPlayer3/app/build/generated/source/proto/debug/java/com/ember/audio/settings/Settings.java
Script source files: 
Script file extensions: 
[KOTLIN] Kotlin compilation 'jdkHome' argument: null
i: [ksp] loaded provider(s): [dagger.hilt.processor.internal.uninstallmodules.KspUninstallModulesProcessor$Provider, dagger.hilt.android.processor.internal.androidentrypoint.KspAndroidEntryPointProcessor$Provider, dagger.hilt.processor.internal.aggregateddeps.KspAggregatedDepsProcessor$Provider, dagger.hilt.processor.internal.generatesrootinput.KspGeneratesRootInputProcessor$Provider, dagger.hilt.android.processor.internal.customtestapplication.KspCustomTestApplicationProcessor$Provider, dagger.hilt.processor.internal.definecomponent.KspDefineComponentProcessor$Provider, dagger.hilt.android.processor.internal.viewmodel.KspViewModelProcessor$Provider, dagger.hilt.android.processor.internal.bindvalue.KspBindValueProcessor$Provider, dagger.hilt.processor.internal.root.KspComponentTreeDepsProcessor$Provider, dagger.hilt.processor.internal.earlyentrypoint.KspEarlyEntryPointProcessor$Provider, dagger.hilt.processor.internal.aliasof.KspAliasOfProcessor$Provider, dagger.hilt.processor.internal.originatingelement.KspOriginatingElementProcessor$Provider, dagger.hilt.processor.internal.root.KspRootProcessor$Provider, androidx.hilt.AndroidXHiltKspProcessor$Provider, androidx.room.RoomKspProcessor$Provider, dagger.internal.codegen.KspComponentProcessor$Provider]
Finished executing kotlin compiler using DAEMON strategy
Resolve mutations for :app:compileDebugKotlin (Thread[included builds,5,main]) started.
:app:compileDebugKotlin (Thread[included builds,5,main]) started.

> Task :app:compileDebugKotlin
Caching disabled for task ':app:compileDebugKotlin' because:
  Build cache is disabled
Task ':app:compileDebugKotlin' is not up-to-date because:
  Task has failed previously.
The input changes require a full rebuild for incremental task ':app:compileDebugKotlin'.
file or directory '/mnt/c/Users/jcron/AndroidStudioProjects/EmberAudioPlayer3/app/src/debug/kotlin', not found
file or directory '/mnt/c/Users/jcron/AndroidStudioProjects/EmberAudioPlayer3/app/src/debug/java', not found
file or directory '/mnt/c/Users/jcron/AndroidStudioProjects/EmberAudioPlayer3/app/src/debug/kotlin', not found
file or directory '/mnt/c/Users/jcron/AndroidStudioProjects/EmberAudioPlayer3/app/src/debug/java', not found
file or directory '/mnt/c/Users/jcron/AndroidStudioProjects/EmberAudioPlayer3/app/src/debug/kotlin', not found
file or directory '/mnt/c/Users/jcron/AndroidStudioProjects/EmberAudioPlayer3/app/src/debug/java', not found
file or directory '/mnt/c/Users/jcron/AndroidStudioProjects/EmberAudioPlayer3/app/src/main/kotlin', not found
file or directory '/mnt/c/Users/jcron/AndroidStudioProjects/EmberAudioPlayer3/app/src/main/kotlin', not found
file or directory '/mnt/c/Users/jcron/AndroidStudioProjects/EmberAudioPlayer3/app/src/main/kotlin', not found
file or directory '/mnt/c/Users/jcron/AndroidStudioProjects/EmberAudioPlayer3/app/src/debug/java', not found
file or directory '/mnt/c/Users/jcron/AndroidStudioProjects/EmberAudioPlayer3/app/src/debug/kotlin', not found
file or directory '/mnt/c/Users/jcron/AndroidStudioProjects/EmberAudioPlayer3/app/src/debug/java', not found
file or directory '/mnt/c/Users/jcron/AndroidStudioProjects/EmberAudioPlayer3/app/src/debug/kotlin', not found
file or directory '/mnt/c/Users/jcron/AndroidStudioProjects/EmberAudioPlayer3/app/src/debug/java', not found
file or directory '/mnt/c/Users/jcron/AndroidStudioProjects/EmberAudioPlayer3/app/src/debug/kotlin', not found
file or directory '/mnt/c/Users/jcron/AndroidStudioProjects/EmberAudioPlayer3/app/src/debug/java', not found
file or directory '/mnt/c/Users/jcron/AndroidStudioProjects/EmberAudioPlayer3/app/src/debug/kotlin', not found
file or directory '/mnt/c/Users/jcron/AndroidStudioProjects/EmberAudioPlayer3/app/src/debug/java', not found
file or directory '/mnt/c/Users/jcron/AndroidStudioProjects/EmberAudioPlayer3/app/src/debug/kotlin', not found
file or directory '/mnt/c/Users/jcron/AndroidStudioProjects/EmberAudioPlayer3/app/src/debug/java', not found
file or directory '/mnt/c/Users/jcron/AndroidStudioProjects/EmberAudioPlayer3/app/src/debug/kotlin', not found
file or directory '/mnt/c/Users/jcron/AndroidStudioProjects/EmberAudioPlayer3/app/src/debug/java', not found
file or directory '/mnt/c/Users/jcron/AndroidStudioProjects/EmberAudioPlayer3/app/src/main/kotlin', not found
file or directory '/mnt/c/Users/jcron/AndroidStudioProjects/EmberAudioPlayer3/app/src/main/kotlin', not found
file or directory '/mnt/c/Users/jcron/AndroidStudioProjects/EmberAudioPlayer3/app/src/main/kotlin', not found
file or directory '/mnt/c/Users/jcron/AndroidStudioProjects/EmberAudioPlayer3/app/src/debug/java', not found
file or directory '/mnt/c/Users/jcron/AndroidStudioProjects/EmberAudioPlayer3/app/src/debug/kotlin', not found
file or directory '/mnt/c/Users/jcron/AndroidStudioProjects/EmberAudioPlayer3/app/src/debug/java', not found
file or directory '/mnt/c/Users/jcron/AndroidStudioProjects/EmberAudioPlayer3/app/src/debug/kotlin', not found
file or directory '/mnt/c/Users/jcron/AndroidStudioProjects/EmberAudioPlayer3/app/src/debug/java', not found
file or directory '/mnt/c/Users/jcron/AndroidStudioProjects/EmberAudioPlayer3/app/src/debug/kotlin', not found
file or directory '/mnt/c/Users/jcron/AndroidStudioProjects/EmberAudioPlayer3/app/src/debug/java', not found
file or directory '/mnt/c/Users/jcron/AndroidStudioProjects/EmberAudioPlayer3/app/src/main/kotlin', not found
file or directory '/mnt/c/Users/jcron/AndroidStudioProjects/EmberAudioPlayer3/app/src/main/kotlin', not found
file or directory '/mnt/c/Users/jcron/AndroidStudioProjects/EmberAudioPlayer3/app/src/main/kotlin', not found
file or directory '/mnt/c/Users/jcron/AndroidStudioProjects/EmberAudioPlayer3/app/src/debug/java', not found
file or directory '/mnt/c/Users/jcron/AndroidStudioProjects/EmberAudioPlayer3/app/src/debug/kotlin', not found
file or directory '/mnt/c/Users/jcron/AndroidStudioProjects/EmberAudioPlayer3/app/src/debug/java', not found
file or directory '/mnt/c/Users/jcron/AndroidStudioProjects/EmberAudioPlayer3/app/src/debug/kotlin', not found
file or directory '/mnt/c/Users/jcron/AndroidStudioProjects/EmberAudioPlayer3/app/src/debug/java', not found
file or directory '/mnt/c/Users/jcron/AndroidStudioProjects/EmberAudioPlayer3/app/src/debug/kotlin', not found
file or directory '/mnt/c/Users/jcron/AndroidStudioProjects/EmberAudioPlayer3/app/src/debug/java', not found
file or directory '/mnt/c/Users/jcron/AndroidStudioProjects/EmberAudioPlayer3/app/src/main/kotlin', not found
file or directory '/mnt/c/Users/jcron/AndroidStudioProjects/EmberAudioPlayer3/app/src/main/kotlin', not found
file or directory '/mnt/c/Users/jcron/AndroidStudioProjects/EmberAudioPlayer3/app/src/main/kotlin', not found
file or directory '/mnt/c/Users/jcron/AndroidStudioProjects/EmberAudioPlayer3/app/src/debug/java', not found
Kotlin source files: /mnt/c/Users/jcron/AndroidStudioProjects/EmberAudioPlayer3/app/build/generated/ksp/debug/kotlin/com/ember/audio/data/db/AlbumDao_Impl.kt, /mnt/c/Users/jcron/AndroidStudioProjects/EmberAudioPlayer3/app/build/generated/ksp/debug/kotlin/com/ember/audio/data/db/ArtistDao_Impl.kt, /mnt/c/Users/jcron/AndroidStudioProjects/EmberAudioPlayer3/app/build/generated/ksp/debug/kotlin/com/ember/audio/data/db/EmberDatabase_Impl.kt, /mnt/c/Users/jcron/AndroidStudioProjects/EmberAudioPlayer3/app/build/generated/ksp/debug/kotlin/com/ember/audio/data/db/PlayHistoryDao_Impl.kt, /mnt/c/Users/jcron/AndroidStudioProjects/EmberAudioPlayer3/app/build/generated/ksp/debug/kotlin/com/ember/audio/data/db/PlaylistDao_Impl.kt, /mnt/c/Users/jcron/AndroidStudioProjects/EmberAudioPlayer3/app/build/generated/ksp/debug/kotlin/com/ember/audio/data/db/TrackDao_Impl.kt, /mnt/c/Users/jcron/AndroidStudioProjects/EmberAudioPlayer3/app/src/main/java/com/ember/audio/data/db/Daos.kt, /mnt/c/Users/jcron/AndroidStudioProjects/EmberAudioPlayer3/app/src/main/java/com/ember/audio/data/db/EmberDatabase.kt, /mnt/c/Users/jcron/AndroidStudioProjects/EmberAudioPlayer3/app/src/main/java/com/ember/audio/data/db/Entities.kt, /mnt/c/Users/jcron/AndroidStudioProjects/EmberAudioPlayer3/app/src/main/java/com/ember/audio/data/db/Models.kt, /mnt/c/Users/jcron/AndroidStudioProjects/EmberAudioPlayer3/app/src/main/java/com/ember/audio/data/prefs/FavoritesStore.kt, /mnt/c/Users/jcron/AndroidStudioProjects/EmberAudioPlayer3/app/src/main/java/com/ember/audio/data/prefs/TrackEqStore.kt, /mnt/c/Users/jcron/AndroidStudioProjects/EmberAudioPlayer3/app/src/main/java/com/ember/audio/data/settings/AppSettingsSerializer.kt, /mnt/c/Users/jcron/AndroidStudioProjects/EmberAudioPlayer3/app/src/main/java/com/ember/audio/data/settings/SettingsRepository.kt, /mnt/c/Users/jcron/AndroidStudioProjects/EmberAudioPlayer3/app/src/main/java/com/ember/audio/data/sleep/SleepStore.kt, /mnt/c/Users/jcron/AndroidStudioProjects/EmberAudioPlayer3/app/src/main/java/com/ember/audio/di/DataStoreModule.kt, /mnt/c/Users/jcron/AndroidStudioProjects/EmberAudioPlayer3/app/src/main/java/com/ember/audio/di/PlayerModule.kt, /mnt/c/Users/jcron/AndroidStudioProjects/EmberAudioPlayer3/app/src/main/java/com/ember/audio/di/RepoModule.kt, /mnt/c/Users/jcron/AndroidStudioProjects/EmberAudioPlayer3/app/src/main/java/com/ember/audio/EmberApp.kt, /mnt/c/Users/jcron/AndroidStudioProjects/EmberAudioPlayer3/app/src/main/java/com/ember/audio/MainActivity.kt, /mnt/c/Users/jcron/AndroidStudioProjects/EmberAudioPlayer3/app/src/main/java/com/ember/audio/playback/EmberPlaybackService.kt, /mnt/c/Users/jcron/AndroidStudioProjects/EmberAudioPlayer3/app/src/main/java/com/ember/audio/playback/EqualizerEngine.kt, /mnt/c/Users/jcron/AndroidStudioProjects/EmberAudioPlayer3/app/src/main/java/com/ember/audio/playback/PlaybackViewModel.kt, /mnt/c/Users/jcron/AndroidStudioProjects/EmberAudioPlayer3/app/src/main/java/com/ember/audio/playlists/PlaylistDetailsViewModel.kt, /mnt/c/Users/jcron/AndroidStudioProjects/EmberAudioPlayer3/app/src/main/java/com/ember/audio/playlists/PlaylistRepository.kt, /mnt/c/Users/jcron/AndroidStudioProjects/EmberAudioPlayer3/app/src/main/java/com/ember/audio/playlists/PlaylistViewModel.kt, /mnt/c/Users/jcron/AndroidStudioProjects/EmberAudioPlayer3/app/src/main/java/com/ember/audio/scanner/MediaScanner.kt, /mnt/c/Users/jcron/AndroidStudioProjects/EmberAudioPlayer3/app/src/main/java/com/ember/audio/settings/SettingsViewModel.kt, /mnt/c/Users/jcron/AndroidStudioProjects/EmberAudioPlayer3/app/src/main/java/com/ember/audio/ui/AppShell.kt, /mnt/c/Users/jcron/AndroidStudioProjects/EmberAudioPlayer3/app/src/main/java/com/ember/audio/ui/common/AlbumCard.kt, /mnt/c/Users/jcron/AndroidStudioProjects/EmberAudioPlayer3/app/src/main/java/com/ember/audio/ui/common/Artwork.kt, /mnt/c/Users/jcron/AndroidStudioProjects/EmberAudioPlayer3/app/src/main/java/com/ember/audio/ui/common/Dimens.kt, /mnt/c/Users/jcron/AndroidStudioProjects/EmberAudioPlayer3/app/src/main/java/com/ember/audio/ui/common/GlowPress.kt, /mnt/c/Users/jcron/AndroidStudioProjects/EmberAudioPlayer3/app/src/main/java/com/ember/audio/ui/common/InnerShadowCard.kt, /mnt/c/Users/jcron/AndroidStudioProjects/EmberAudioPlayer3/app/src/main/java/com/ember/audio/ui/common/LibraryRow.kt, /mnt/c/Users/jcron/AndroidStudioProjects/EmberAudioPlayer3/app/src/main/java/com/ember/audio/ui/common/PaletteBackdrop.kt, /mnt/c/Users/jcron/AndroidStudioProjects/EmberAudioPlayer3/app/src/main/java/com/ember/audio/ui/common/SectionHeader.kt, /mnt/c/Users/jcron/AndroidStudioProjects/EmberAudioPlayer3/app/src/main/java/com/ember/audio/ui/home/all/AllScreen.kt, /mnt/c/Users/jcron/AndroidStudioProjects/EmberAudioPlayer3/app/src/main/java/com/ember/audio/ui/library/AlbumDetailsScreen.kt, /mnt/c/Users/jcron/AndroidStudioProjects/EmberAudioPlayer3/app/src/main/java/com/ember/audio/ui/library/AlbumsScreen.kt, /mnt/c/Users/jcron/AndroidStudioProjects/EmberAudioPlayer3/app/src/main/java/com/ember/audio/ui/library/ArtistDetailsScreen.kt, /mnt/c/Users/jcron/AndroidStudioProjects/EmberAudioPlayer3/app/src/main/java/com/ember/audio/ui/library/ArtistsScreen.kt, /mnt/c/Users/jcron/AndroidStudioProjects/EmberAudioPlayer3/app/src/main/java/com/ember/audio/ui/library/FoldersScreen.kt, /mnt/c/Users/jcron/AndroidStudioProjects/EmberAudioPlayer3/app/src/main/java/com/ember/audio/ui/library/GenresScreen.kt, /mnt/c/Users/jcron/AndroidStudioProjects/EmberAudioPlayer3/app/src/main/java/com/ember/audio/ui/library/PlaylistDetailsScreen.kt, /mnt/c/Users/jcron/AndroidStudioProjects/EmberAudioPlayer3/app/src/main/java/com/ember/audio/ui/library/PlaylistsScreen.kt, /mnt/c/Users/jcron/AndroidStudioProjects/EmberAudioPlayer3/app/src/main/java/com/ember/audio/ui/library/SmartPlaylists.kt, /mnt/c/Users/jcron/AndroidStudioProjects/EmberAudioPlayer3/app/src/main/java/com/ember/audio/ui/library/SongsScreen.kt, /mnt/c/Users/jcron/AndroidStudioProjects/EmberAudioPlayer3/app/src/main/java/com/ember/audio/ui/Permissions.kt, /mnt/c/Users/jcron/AndroidStudioProjects/EmberAudioPlayer3/app/src/main/java/com/ember/audio/ui/player/EqSheet.kt, /mnt/c/Users/jcron/AndroidStudioProjects/EmberAudioPlayer3/app/src/main/java/com/ember/audio/ui/player/MiniPlayer.kt, /mnt/c/Users/jcron/AndroidStudioProjects/EmberAudioPlayer3/app/src/main/java/com/ember/audio/ui/player/NowPlayingSheet.kt, /mnt/c/Users/jcron/AndroidStudioProjects/EmberAudioPlayer3/app/src/main/java/com/ember/audio/ui/player/NowPlayingV2.kt, /mnt/c/Users/jcron/AndroidStudioProjects/EmberAudioPlayer3/app/src/main/java/com/ember/audio/ui/player/QueueSheet.kt, /mnt/c/Users/jcron/AndroidStudioProjects/EmberAudioPlayer3/app/src/main/java/com/ember/audio/ui/player/SleepSheet.kt, /mnt/c/Users/jcron/AndroidStudioProjects/EmberAudioPlayer3/app/src/main/java/com/ember/audio/ui/search/SearchScreen.kt, /mnt/c/Users/jcron/AndroidStudioProjects/EmberAudioPlayer3/app/src/main/java/com/ember/audio/ui/settings/SettingsScreen.kt, /mnt/c/Users/jcron/AndroidStudioProjects/EmberAudioPlayer3/app/src/main/java/com/ember/audio/ui/settings/ThemeStudioScreen.kt, /mnt/c/Users/jcron/AndroidStudioProjects/EmberAudioPlayer3/app/src/main/java/com/ember/audio/ui/theme/Theme.kt, /mnt/c/Users/jcron/AndroidStudioProjects/EmberAudioPlayer3/app/src/main/java/com/ember/audio/ui/util/ArtCache.kt, /mnt/c/Users/jcron/AndroidStudioProjects/EmberAudioPlayer3/app/src/main/java/com/ember/audio/ui/util/Intents.kt, /mnt/c/Users/jcron/AndroidStudioProjects/EmberAudioPlayer3/app/src/main/java/com/ember/audio/ui/util/PaletteCache.kt
Java source files: /mnt/c/Users/jcron/AndroidStudioProjects/EmberAudioPlayer3/app/build/generated/ksp/debug/java/com/ember/audio/data/settings/SettingsRepository_Factory.java, /mnt/c/Users/jcron/AndroidStudioProjects/EmberAudioPlayer3/app/build/generated/ksp/debug/java/com/ember/audio/di/DataStoreModule_ProvideAppSettingsDataStoreFactory.java, /mnt/c/Users/jcron/AndroidStudioProjects/EmberAudioPlayer3/app/build/generated/ksp/debug/java/com/ember/audio/di/DataStoreModule_ProvidePreferencesDataStoreFactory.java, /mnt/c/Users/jcron/AndroidStudioProjects/EmberAudioPlayer3/app/build/generated/ksp/debug/java/com/ember/audio/di/PlayerModule_ProvideExoPlayerFactory.java, /mnt/c/Users/jcron/AndroidStudioProjects/EmberAudioPlayer3/app/build/generated/ksp/debug/java/com/ember/audio/di/PlayerModule_ProvideMediaSessionFactory.java, /mnt/c/Users/jcron/AndroidStudioProjects/EmberAudioPlayer3/app/build/generated/ksp/debug/java/com/ember/audio/di/RepoModule_ProvideAlbumDaoFactory.java, /mnt/c/Users/jcron/AndroidStudioProjects/EmberAudioPlayer3/app/build/generated/ksp/debug/java/com/ember/audio/di/RepoModule_ProvideArtistDaoFactory.java, /mnt/c/Users/jcron/AndroidStudioProjects/EmberAudioPlayer3/app/build/generated/ksp/debug/java/com/ember/audio/di/RepoModule_ProvideDatabaseFactory.java, /mnt/c/Users/jcron/AndroidStudioProjects/EmberAudioPlayer3/app/build/generated/ksp/debug/java/com/ember/audio/di/RepoModule_ProvidePlayHistoryDaoFactory.java, /mnt/c/Users/jcron/AndroidStudioProjects/EmberAudioPlayer3/app/build/generated/ksp/debug/java/com/ember/audio/di/RepoModule_ProvidePlaylistDaoFactory.java, /mnt/c/Users/jcron/AndroidStudioProjects/EmberAudioPlayer3/app/build/generated/ksp/debug/java/com/ember/audio/di/RepoModule_ProvideTrackDaoFactory.java, /mnt/c/Users/jcron/AndroidStudioProjects/EmberAudioPlayer3/app/build/generated/ksp/debug/java/com/ember/audio/EmberApp_GeneratedInjector.java, /mnt/c/Users/jcron/AndroidStudioProjects/EmberAudioPlayer3/app/build/generated/ksp/debug/java/com/ember/audio/Hilt_MainActivity.java, /mnt/c/Users/jcron/AndroidStudioProjects/EmberAudioPlayer3/app/build/generated/ksp/debug/java/com/ember/audio/MainActivity_GeneratedInjector.java, /mnt/c/Users/jcron/AndroidStudioProjects/EmberAudioPlayer3/app/build/generated/ksp/debug/java/com/ember/audio/MainActivity_MembersInjector.java, /mnt/c/Users/jcron/AndroidStudioProjects/EmberAudioPlayer3/app/build/generated/ksp/debug/java/com/ember/audio/playback/EmberPlaybackService_GeneratedInjector.java, /mnt/c/Users/jcron/AndroidStudioProjects/EmberAudioPlayer3/app/build/generated/ksp/debug/java/com/ember/audio/playback/EmberPlaybackService_MembersInjector.java, /mnt/c/Users/jcron/AndroidStudioProjects/EmberAudioPlayer3/app/build/generated/ksp/debug/java/com/ember/audio/playback/Hilt_EmberPlaybackService.java, /mnt/c/Users/jcron/AndroidStudioProjects/EmberAudioPlayer3/app/build/generated/ksp/debug/java/com/ember/audio/playback/PlaybackViewModel_Factory.java, /mnt/c/Users/jcron/AndroidStudioProjects/EmberAudioPlayer3/app/build/generated/ksp/debug/java/com/ember/audio/playback/PlaybackViewModel_HiltModules.java, /mnt/c/Users/jcron/AndroidStudioProjects/EmberAudioPlayer3/app/build/generated/ksp/debug/java/com/ember/audio/playback/PlaybackViewModel_HiltModules_BindsModule_Binds_LazyMapKey.java, /mnt/c/Users/jcron/AndroidStudioProjects/EmberAudioPlayer3/app/build/generated/ksp/debug/java/com/ember/audio/playback/PlaybackViewModel_HiltModules_KeyModule_ProvideFactory.java, /mnt/c/Users/jcron/AndroidStudioProjects/EmberAudioPlayer3/app/build/generated/ksp/debug/java/com/ember/audio/playback/PlaybackViewModel_HiltModules_KeyModule_Provide_LazyMapKey.java, /mnt/c/Users/jcron/AndroidStudioProjects/EmberAudioPlayer3/app/build/generated/ksp/debug/java/com/ember/audio/playlists/PlaylistDetailsViewModel_Factory.java, /mnt/c/Users/jcron/AndroidStudioProjects/EmberAudioPlayer3/app/build/generated/ksp/debug/java/com/ember/audio/playlists/PlaylistDetailsViewModel_HiltModules.java, /mnt/c/Users/jcron/AndroidStudioProjects/EmberAudioPlayer3/app/build/generated/ksp/debug/java/com/ember/audio/playlists/PlaylistDetailsViewModel_HiltModules_BindsModule_Binds_LazyMapKey.java, /mnt/c/Users/jcron/AndroidStudioProjects/EmberAudioPlayer3/app/build/generated/ksp/debug/java/com/ember/audio/playlists/PlaylistDetailsViewModel_HiltModules_KeyModule_ProvideFactory.java, /mnt/c/Users/jcron/AndroidStudioProjects/EmberAudioPlayer3/app/build/generated/ksp/debug/java/com/ember/audio/playlists/PlaylistDetailsViewModel_HiltModules_KeyModule_Provide_LazyMapKey.java, /mnt/c/Users/jcron/AndroidStudioProjects/EmberAudioPlayer3/app/build/generated/ksp/debug/java/com/ember/audio/playlists/PlaylistRepository_Factory.java, /mnt/c/Users/jcron/AndroidStudioProjects/EmberAudioPlayer3/app/build/generated/ksp/debug/java/com/ember/audio/playlists/PlaylistViewModel_Factory.java, /mnt/c/Users/jcron/AndroidStudioProjects/EmberAudioPlayer3/app/build/generated/ksp/debug/java/com/ember/audio/playlists/PlaylistViewModel_HiltModules.java, /mnt/c/Users/jcron/AndroidStudioProjects/EmberAudioPlayer3/app/build/generated/ksp/debug/java/com/ember/audio/playlists/PlaylistViewModel_HiltModules_BindsModule_Binds_LazyMapKey.java, /mnt/c/Users/jcron/AndroidStudioProjects/EmberAudioPlayer3/app/build/generated/ksp/debug/java/com/ember/audio/playlists/PlaylistViewModel_HiltModules_KeyModule_ProvideFactory.java, /mnt/c/Users/jcron/AndroidStudioProjects/EmberAudioPlayer3/app/build/generated/ksp/debug/java/com/ember/audio/playlists/PlaylistViewModel_HiltModules_KeyModule_Provide_LazyMapKey.java, /mnt/c/Users/jcron/AndroidStudioProjects/EmberAudioPlayer3/app/build/generated/ksp/debug/java/com/ember/audio/scanner/MediaScanner_Factory.java, /mnt/c/Users/jcron/AndroidStudioProjects/EmberAudioPlayer3/app/build/generated/ksp/debug/java/com/ember/audio/settings/SettingsViewModel_Factory.java, /mnt/c/Users/jcron/AndroidStudioProjects/EmberAudioPlayer3/app/build/generated/ksp/debug/java/com/ember/audio/settings/SettingsViewModel_HiltModules.java, /mnt/c/Users/jcron/AndroidStudioProjects/EmberAudioPlayer3/app/build/generated/ksp/debug/java/com/ember/audio/settings/SettingsViewModel_HiltModules_BindsModule_Binds_LazyMapKey.java, /mnt/c/Users/jcron/AndroidStudioProjects/EmberAudioPlayer3/app/build/generated/ksp/debug/java/com/ember/audio/settings/SettingsViewModel_HiltModules_KeyModule_ProvideFactory.java, /mnt/c/Users/jcron/AndroidStudioProjects/EmberAudioPlayer3/app/build/generated/ksp/debug/java/com/ember/audio/settings/SettingsViewModel_HiltModules_KeyModule_Provide_LazyMapKey.java, /mnt/c/Users/jcron/AndroidStudioProjects/EmberAudioPlayer3/app/build/generated/ksp/debug/java/com/ember/audio/ui/home/all/AllViewModel_Factory.java, /mnt/c/Users/jcron/AndroidStudioProjects/EmberAudioPlayer3/app/build/generated/ksp/debug/java/com/ember/audio/ui/home/all/AllViewModel_HiltModules.java, /mnt/c/Users/jcron/AndroidStudioProjects/EmberAudioPlayer3/app/build/generated/ksp/debug/java/com/ember/audio/ui/home/all/AllViewModel_HiltModules_BindsModule_Binds_LazyMapKey.java, /mnt/c/Users/jcron/AndroidStudioProjects/EmberAudioPlayer3/app/build/generated/ksp/debug/java/com/ember/audio/ui/home/all/AllViewModel_HiltModules_KeyModule_ProvideFactory.java, /mnt/c/Users/jcron/AndroidStudioProjects/EmberAudioPlayer3/app/build/generated/ksp/debug/java/com/ember/audio/ui/home/all/AllViewModel_HiltModules_KeyModule_Provide_LazyMapKey.java, /mnt/c/Users/jcron/AndroidStudioProjects/EmberAudioPlayer3/app/build/generated/ksp/debug/java/com/ember/audio/ui/library/AlbumDetailsViewModel_Factory.java, /mnt/c/Users/jcron/AndroidStudioProjects/EmberAudioPlayer3/app/build/generated/ksp/debug/java/com/ember/audio/ui/library/AlbumDetailsViewModel_HiltModules.java, /mnt/c/Users/jcron/AndroidStudioProjects/EmberAudioPlayer3/app/build/generated/ksp/debug/java/com/ember/audio/ui/library/AlbumDetailsViewModel_HiltModules_BindsModule_Binds_LazyMapKey.java, /mnt/c/Users/jcron/AndroidStudioProjects/EmberAudioPlayer3/app/build/generated/ksp/debug/java/com/ember/audio/ui/library/AlbumDetailsViewModel_HiltModules_KeyModule_ProvideFactory.java, /mnt/c/Users/jcron/AndroidStudioProjects/EmberAudioPlayer3/app/build/generated/ksp/debug/java/com/ember/audio/ui/library/AlbumDetailsViewModel_HiltModules_KeyModule_Provide_LazyMapKey.java, /mnt/c/Users/jcron/AndroidStudioProjects/EmberAudioPlayer3/app/build/generated/ksp/debug/java/com/ember/audio/ui/library/AlbumsViewModel_Factory.java, /mnt/c/Users/jcron/AndroidStudioProjects/EmberAudioPlayer3/app/build/generated/ksp/debug/java/com/ember/audio/ui/library/AlbumsViewModel_HiltModules.java, /mnt/c/Users/jcron/AndroidStudioProjects/EmberAudioPlayer3/app/build/generated/ksp/debug/java/com/ember/audio/ui/library/AlbumsViewModel_HiltModules_BindsModule_Binds_LazyMapKey.java, /mnt/c/Users/jcron/AndroidStudioProjects/EmberAudioPlayer3/app/build/generated/ksp/debug/java/com/ember/audio/ui/library/AlbumsViewModel_HiltModules_KeyModule_ProvideFactory.java, /mnt/c/Users/jcron/AndroidStudioProjects/EmberAudioPlayer3/app/build/generated/ksp/debug/java/com/ember/audio/ui/library/AlbumsViewModel_HiltModules_KeyModule_Provide_LazyMapKey.java, /mnt/c/Users/jcron/AndroidStudioProjects/EmberAudioPlayer3/app/build/generated/ksp/debug/java/com/ember/audio/ui/library/ArtistDetailsViewModel_Factory.java, /mnt/c/Users/jcron/AndroidStudioProjects/EmberAudioPlayer3/app/build/generated/ksp/debug/java/com/ember/audio/ui/library/ArtistDetailsViewModel_HiltModules.java, /mnt/c/Users/jcron/AndroidStudioProjects/EmberAudioPlayer3/app/build/generated/ksp/debug/java/com/ember/audio/ui/library/ArtistDetailsViewModel_HiltModules_BindsModule_Binds_LazyMapKey.java, /mnt/c/Users/jcron/AndroidStudioProjects/EmberAudioPlayer3/app/build/generated/ksp/debug/java/com/ember/audio/ui/library/ArtistDetailsViewModel_HiltModules_KeyModule_ProvideFactory.java, /mnt/c/Users/jcron/AndroidStudioProjects/EmberAudioPlayer3/app/build/generated/ksp/debug/java/com/ember/audio/ui/library/ArtistDetailsViewModel_HiltModules_KeyModule_Provide_LazyMapKey.java, /mnt/c/Users/jcron/AndroidStudioProjects/EmberAudioPlayer3/app/build/generated/ksp/debug/java/com/ember/audio/ui/library/ArtistsViewModel_Factory.java, /mnt/c/Users/jcron/AndroidStudioProjects/EmberAudioPlayer3/app/build/generated/ksp/debug/java/com/ember/audio/ui/library/ArtistsViewModel_HiltModules.java, /mnt/c/Users/jcron/AndroidStudioProjects/EmberAudioPlayer3/app/build/generated/ksp/debug/java/com/ember/audio/ui/library/ArtistsViewModel_HiltModules_BindsModule_Binds_LazyMapKey.java, /mnt/c/Users/jcron/AndroidStudioProjects/EmberAudioPlayer3/app/build/generated/ksp/debug/java/com/ember/audio/ui/library/ArtistsViewModel_HiltModules_KeyModule_ProvideFactory.java, /mnt/c/Users/jcron/AndroidStudioProjects/EmberAudioPlayer3/app/build/generated/ksp/debug/java/com/ember/audio/ui/library/ArtistsViewModel_HiltModules_KeyModule_Provide_LazyMapKey.java, /mnt/c/Users/jcron/AndroidStudioProjects/EmberAudioPlayer3/app/build/generated/ksp/debug/java/com/ember/audio/ui/library/MostPlayedViewModel_Factory.java, /mnt/c/Users/jcron/AndroidStudioProjects/EmberAudioPlayer3/app/build/generated/ksp/debug/java/com/ember/audio/ui/library/MostPlayedViewModel_HiltModules.java, /mnt/c/Users/jcron/AndroidStudioProjects/EmberAudioPlayer3/app/build/generated/ksp/debug/java/com/ember/audio/ui/library/MostPlayedViewModel_HiltModules_BindsModule_Binds_LazyMapKey.java, /mnt/c/Users/jcron/AndroidStudioProjects/EmberAudioPlayer3/app/build/generated/ksp/debug/java/com/ember/audio/ui/library/MostPlayedViewModel_HiltModules_KeyModule_ProvideFactory.java, /mnt/c/Users/jcron/AndroidStudioProjects/EmberAudioPlayer3/app/build/generated/ksp/debug/java/com/ember/audio/ui/library/MostPlayedViewModel_HiltModules_KeyModule_Provide_LazyMapKey.java, /mnt/c/Users/jcron/AndroidStudioProjects/EmberAudioPlayer3/app/build/generated/ksp/debug/java/com/ember/audio/ui/library/RecentlyAddedViewModel_Factory.java, /mnt/c/Users/jcron/AndroidStudioProjects/EmberAudioPlayer3/app/build/generated/ksp/debug/java/com/ember/audio/ui/library/RecentlyAddedViewModel_HiltModules.java, /mnt/c/Users/jcron/AndroidStudioProjects/EmberAudioPlayer3/app/build/generated/ksp/debug/java/com/ember/audio/ui/library/RecentlyAddedViewModel_HiltModules_BindsModule_Binds_LazyMapKey.java, /mnt/c/Users/jcron/AndroidStudioProjects/EmberAudioPlayer3/app/build/generated/ksp/debug/java/com/ember/audio/ui/library/RecentlyAddedViewModel_HiltModules_KeyModule_ProvideFactory.java, /mnt/c/Users/jcron/AndroidStudioProjects/EmberAudioPlayer3/app/build/generated/ksp/debug/java/com/ember/audio/ui/library/RecentlyAddedViewModel_HiltModules_KeyModule_Provide_LazyMapKey.java, /mnt/c/Users/jcron/AndroidStudioProjects/EmberAudioPlayer3/app/build/generated/ksp/debug/java/com/ember/audio/ui/library/RecentlyPlayedViewModel_Factory.java, /mnt/c/Users/jcron/AndroidStudioProjects/EmberAudioPlayer3/app/build/generated/ksp/debug/java/com/ember/audio/ui/library/RecentlyPlayedViewModel_HiltModules.java, /mnt/c/Users/jcron/AndroidStudioProjects/EmberAudioPlayer3/app/build/generated/ksp/debug/java/com/ember/audio/ui/library/RecentlyPlayedViewModel_HiltModules_BindsModule_Binds_LazyMapKey.java, /mnt/c/Users/jcron/AndroidStudioProjects/EmberAudioPlayer3/app/build/generated/ksp/debug/java/com/ember/audio/ui/library/RecentlyPlayedViewModel_HiltModules_KeyModule_ProvideFactory.java, /mnt/c/Users/jcron/AndroidStudioProjects/EmberAudioPlayer3/app/build/generated/ksp/debug/java/com/ember/audio/ui/library/RecentlyPlayedViewModel_HiltModules_KeyModule_Provide_LazyMapKey.java, /mnt/c/Users/jcron/AndroidStudioProjects/EmberAudioPlayer3/app/build/generated/ksp/debug/java/com/ember/audio/ui/library/SongsViewModel_Factory.java, /mnt/c/Users/jcron/AndroidStudioProjects/EmberAudioPlayer3/app/build/generated/ksp/debug/java/com/ember/audio/ui/library/SongsViewModel_HiltModules.java, /mnt/c/Users/jcron/AndroidStudioProjects/EmberAudioPlayer3/app/build/generated/ksp/debug/java/com/ember/audio/ui/library/SongsViewModel_HiltModules_BindsModule_Binds_LazyMapKey.java, /mnt/c/Users/jcron/AndroidStudioProjects/EmberAudioPlayer3/app/build/generated/ksp/debug/java/com/ember/audio/ui/library/SongsViewModel_HiltModules_KeyModule_ProvideFactory.java, /mnt/c/Users/jcron/AndroidStudioProjects/EmberAudioPlayer3/app/build/generated/ksp/debug/java/com/ember/audio/ui/library/SongsViewModel_HiltModules_KeyModule_Provide_LazyMapKey.java, /mnt/c/Users/jcron/AndroidStudioProjects/EmberAudioPlayer3/app/build/generated/ksp/debug/java/com/ember/audio/ui/search/SearchViewModel_Factory.java, /mnt/c/Users/jcron/AndroidStudioProjects/EmberAudioPlayer3/app/build/generated/ksp/debug/java/com/ember/audio/ui/search/SearchViewModel_HiltModules.java, /mnt/c/Users/jcron/AndroidStudioProjects/EmberAudioPlayer3/app/build/generated/ksp/debug/java/com/ember/audio/ui/search/SearchViewModel_HiltModules_BindsModule_Binds_LazyMapKey.java, /mnt/c/Users/jcron/AndroidStudioProjects/EmberAudioPlayer3/app/build/generated/ksp/debug/java/com/ember/audio/ui/search/SearchViewModel_HiltModules_KeyModule_ProvideFactory.java, /mnt/c/Users/jcron/AndroidStudioProjects/EmberAudioPlayer3/app/build/generated/ksp/debug/java/com/ember/audio/ui/search/SearchViewModel_HiltModules_KeyModule_Provide_LazyMapKey.java, /mnt/c/Users/jcron/AndroidStudioProjects/EmberAudioPlayer3/app/build/generated/ksp/debug/java/com/ember/audio/ui/settings/SettingsActionsViewModel_Factory.java, /mnt/c/Users/jcron/AndroidStudioProjects/EmberAudioPlayer3/app/build/generated/ksp/debug/java/com/ember/audio/ui/settings/SettingsActionsViewModel_HiltModules.java, /mnt/c/Users/jcron/AndroidStudioProjects/EmberAudioPlayer3/app/build/generated/ksp/debug/java/com/ember/audio/ui/settings/SettingsActionsViewModel_HiltModules_BindsModule_Binds_LazyMapKey.java, /mnt/c/Users/jcron/AndroidStudioProjects/EmberAudioPlayer3/app/build/generated/ksp/debug/java/com/ember/audio/ui/settings/SettingsActionsViewModel_HiltModules_KeyModule_ProvideFactory.java, /mnt/c/Users/jcron/AndroidStudioProjects/EmberAudioPlayer3/app/build/generated/ksp/debug/java/com/ember/audio/ui/settings/SettingsActionsViewModel_HiltModules_KeyModule_Provide_LazyMapKey.java, /mnt/c/Users/jcron/AndroidStudioProjects/EmberAudioPlayer3/app/build/generated/ksp/debug/java/dagger/hilt/internal/aggregatedroot/codegen/_com_ember_audio_EmberApp.java, /mnt/c/Users/jcron/AndroidStudioProjects/EmberAudioPlayer3/app/build/generated/ksp/debug/java/hilt_aggregated_deps/_com_ember_audio_di_DataStoreModule.java, /mnt/c/Users/jcron/AndroidStudioProjects/EmberAudioPlayer3/app/build/generated/ksp/debug/java/hilt_aggregated_deps/_com_ember_audio_di_PlayerModule.java, /mnt/c/Users/jcron/AndroidStudioProjects/EmberAudioPlayer3/app/build/generated/ksp/debug/java/hilt_aggregated_deps/_com_ember_audio_di_RepoModule.java, /mnt/c/Users/jcron/AndroidStudioProjects/EmberAudioPlayer3/app/build/generated/ksp/debug/java/hilt_aggregated_deps/_com_ember_audio_EmberApp_GeneratedInjector.java, /mnt/c/Users/jcron/AndroidStudioProjects/EmberAudioPlayer3/app/build/generated/ksp/debug/java/hilt_aggregated_deps/_com_ember_audio_MainActivity_GeneratedInjector.java, /mnt/c/Users/jcron/AndroidStudioProjects/EmberAudioPlayer3/app/build/generated/ksp/debug/java/hilt_aggregated_deps/_com_ember_audio_playback_EmberPlaybackService_GeneratedInjector.java, /mnt/c/Users/jcron/AndroidStudioProjects/EmberAudioPlayer3/app/build/generated/ksp/debug/java/hilt_aggregated_deps/_com_ember_audio_playback_PlaybackViewModel_HiltModules_BindsModule.java, /mnt/c/Users/jcron/AndroidStudioProjects/EmberAudioPlayer3/app/build/generated/ksp/debug/java/hilt_aggregated_deps/_com_ember_audio_playback_PlaybackViewModel_HiltModules_KeyModule.java, /mnt/c/Users/jcron/AndroidStudioProjects/EmberAudioPlayer3/app/build/generated/ksp/debug/java/hilt_aggregated_deps/_com_ember_audio_playlists_PlaylistDetailsViewModel_HiltModules_BindsModule.java, /mnt/c/Users/jcron/AndroidStudioProjects/EmberAudioPlayer3/app/build/generated/ksp/debug/java/hilt_aggregated_deps/_com_ember_audio_playlists_PlaylistDetailsViewModel_HiltModules_KeyModule.java, /mnt/c/Users/jcron/AndroidStudioProjects/EmberAudioPlayer3/app/build/generated/ksp/debug/java/hilt_aggregated_deps/_com_ember_audio_playlists_PlaylistViewModel_HiltModules_BindsModule.java, /mnt/c/Users/jcron/AndroidStudioProjects/EmberAudioPlayer3/app/build/generated/ksp/debug/java/hilt_aggregated_deps/_com_ember_audio_playlists_PlaylistViewModel_HiltModules_KeyModule.java, /mnt/c/Users/jcron/AndroidStudioProjects/EmberAudioPlayer3/app/build/generated/ksp/debug/java/hilt_aggregated_deps/_com_ember_audio_settings_SettingsViewModel_HiltModules_BindsModule.java, /mnt/c/Users/jcron/AndroidStudioProjects/EmberAudioPlayer3/app/build/generated/ksp/debug/java/hilt_aggregated_deps/_com_ember_audio_settings_SettingsViewModel_HiltModules_KeyModule.java, /mnt/c/Users/jcron/AndroidStudioProjects/EmberAudioPlayer3/app/build/generated/ksp/debug/java/hilt_aggregated_deps/_com_ember_audio_ui_home_all_AllViewModel_HiltModules_BindsModule.java, /mnt/c/Users/jcron/AndroidStudioProjects/EmberAudioPlayer3/app/build/generated/ksp/debug/java/hilt_aggregated_deps/_com_ember_audio_ui_home_all_AllViewModel_HiltModules_KeyModule.java, /mnt/c/Users/jcron/AndroidStudioProjects/EmberAudioPlayer3/app/build/generated/ksp/debug/java/hilt_aggregated_deps/_com_ember_audio_ui_library_AlbumDetailsViewModel_HiltModules_BindsModule.java, /mnt/c/Users/jcron/AndroidStudioProjects/EmberAudioPlayer3/app/build/generated/ksp/debug/java/hilt_aggregated_deps/_com_ember_audio_ui_library_AlbumDetailsViewModel_HiltModules_KeyModule.java, /mnt/c/Users/jcron/AndroidStudioProjects/EmberAudioPlayer3/app/build/generated/ksp/debug/java/hilt_aggregated_deps/_com_ember_audio_ui_library_AlbumsViewModel_HiltModules_BindsModule.java, /mnt/c/Users/jcron/AndroidStudioProjects/EmberAudioPlayer3/app/build/generated/ksp/debug/java/hilt_aggregated_deps/_com_ember_audio_ui_library_AlbumsViewModel_HiltModules_KeyModule.java, /mnt/c/Users/jcron/AndroidStudioProjects/EmberAudioPlayer3/app/build/generated/ksp/debug/java/hilt_aggregated_deps/_com_ember_audio_ui_library_ArtistDetailsViewModel_HiltModules_BindsModule.java, /mnt/c/Users/jcron/AndroidStudioProjects/EmberAudioPlayer3/app/build/generated/ksp/debug/java/hilt_aggregated_deps/_com_ember_audio_ui_library_ArtistDetailsViewModel_HiltModules_KeyModule.java, /mnt/c/Users/jcron/AndroidStudioProjects/EmberAudioPlayer3/app/build/generated/ksp/debug/java/hilt_aggregated_deps/_com_ember_audio_ui_library_ArtistsViewModel_HiltModules_BindsModule.java, /mnt/c/Users/jcron/AndroidStudioProjects/EmberAudioPlayer3/app/build/generated/ksp/debug/java/hilt_aggregated_deps/_com_ember_audio_ui_library_ArtistsViewModel_HiltModules_KeyModule.java, /mnt/c/Users/jcron/AndroidStudioProjects/EmberAudioPlayer3/app/build/generated/ksp/debug/java/hilt_aggregated_deps/_com_ember_audio_ui_library_MostPlayedViewModel_HiltModules_BindsModule.java, /mnt/c/Users/jcron/AndroidStudioProjects/EmberAudioPlayer3/app/build/generated/ksp/debug/java/hilt_aggregated_deps/_com_ember_audio_ui_library_MostPlayedViewModel_HiltModules_KeyModule.java, /mnt/c/Users/jcron/AndroidStudioProjects/EmberAudioPlayer3/app/build/generated/ksp/debug/java/hilt_aggregated_deps/_com_ember_audio_ui_library_RecentlyAddedViewModel_HiltModules_BindsModule.java, /mnt/c/Users/jcron/AndroidStudioProjects/EmberAudioPlayer3/app/build/generated/ksp/debug/java/hilt_aggregated_deps/_com_ember_audio_ui_library_RecentlyAddedViewModel_HiltModules_KeyModule.java, /mnt/c/Users/jcron/AndroidStudioProjects/EmberAudioPlayer3/app/build/generated/ksp/debug/java/hilt_aggregated_deps/_com_ember_audio_ui_library_RecentlyPlayedViewModel_HiltModules_BindsModule.java, /mnt/c/Users/jcron/AndroidStudioProjects/EmberAudioPlayer3/app/build/generated/ksp/debug/java/hilt_aggregated_deps/_com_ember_audio_ui_library_RecentlyPlayedViewModel_HiltModules_KeyModule.java, /mnt/c/Users/jcron/AndroidStudioProjects/EmberAudioPlayer3/app/build/generated/ksp/debug/java/hilt_aggregated_deps/_com_ember_audio_ui_library_SongsViewModel_HiltModules_BindsModule.java, /mnt/c/Users/jcron/AndroidStudioProjects/EmberAudioPlayer3/app/build/generated/ksp/debug/java/hilt_aggregated_deps/_com_ember_audio_ui_library_SongsViewModel_HiltModules_KeyModule.java, /mnt/c/Users/jcron/AndroidStudioProjects/EmberAudioPlayer3/app/build/generated/ksp/debug/java/hilt_aggregated_deps/_com_ember_audio_ui_search_SearchViewModel_HiltModules_BindsModule.java, /mnt/c/Users/jcron/AndroidStudioProjects/EmberAudioPlayer3/app/build/generated/ksp/debug/java/hilt_aggregated_deps/_com_ember_audio_ui_search_SearchViewModel_HiltModules_KeyModule.java, /mnt/c/Users/jcron/AndroidStudioProjects/EmberAudioPlayer3/app/build/generated/ksp/debug/java/hilt_aggregated_deps/_com_ember_audio_ui_settings_SettingsActionsViewModel_HiltModules_BindsModule.java, /mnt/c/Users/jcron/AndroidStudioProjects/EmberAudioPlayer3/app/build/generated/ksp/debug/java/hilt_aggregated_deps/_com_ember_audio_ui_settings_SettingsActionsViewModel_HiltModules_KeyModule.java, /mnt/c/Users/jcron/AndroidStudioProjects/EmberAudioPlayer3/app/build/generated/source/proto/debug/java/com/ember/audio/settings/AppSettings.java, /mnt/c/Users/jcron/AndroidStudioProjects/EmberAudioPlayer3/app/build/generated/source/proto/debug/java/com/ember/audio/settings/AppSettingsOrBuilder.java, /mnt/c/Users/jcron/AndroidStudioProjects/EmberAudioPlayer3/app/build/generated/source/proto/debug/java/com/ember/audio/settings/Settings.java
Script source files: 
Script file extensions: 
Using Kotlin/JVM incremental compilation
[KOTLIN] Kotlin compilation 'jdkHome' argument: null
Options for KOTLIN DAEMON: IncrementalCompilationOptions(super=CompilationOptions(compilerMode=INCREMENTAL_COMPILER, targetPlatform=JVM, reportCategories=[0, 3], reportSeverity=2, requestedCompilationResults=[0], kotlinScriptExtensions=[]), sourceChanges=org.jetbrains.kotlin.buildtools.api.SourcesChanges$Unknown@2dcb6eee, classpathChanges=NotAvailableForNonIncrementalRun, workingDir=/mnt/c/Users/jcron/AndroidStudioProjects/EmberAudioPlayer3/app/build/kotlin/compileDebugKotlin/cacheable, multiModuleICSettings=MultiModuleICSettings(buildHistoryFile=/mnt/c/Users/jcron/AndroidStudioProjects/EmberAudioPlayer3/app/build/kotlin/compileDebugKotlin/local-state/build-history.bin, useModuleDetection=true), usePreciseJavaTracking=true, icFeatures=IncrementalCompilationFeatures(withAbiSnapshot=false, preciseCompilationResultsBackup=true, keepIncrementalCompilationCachesInMemory=true, enableUnsafeIncrementalCompilationForMultiplatform=false, enableMonotonousIncrementalCompileSetExpansion=true), outputFiles=[/mnt/c/Users/jcron/AndroidStudioProjects/EmberAudioPlayer3/app/build/tmp/kotlin-classes/debug, /mnt/c/Users/jcron/AndroidStudioProjects/EmberAudioPlayer3/app/build/kotlin/compileDebugKotlin/cacheable, /mnt/c/Users/jcron/AndroidStudioProjects/EmberAudioPlayer3/app/build/kotlin/compileDebugKotlin/local-state])
w: file:///mnt/c/Users/jcron/AndroidStudioProjects/EmberAudioPlayer3/app/src/main/java/com/ember/audio/MainActivity.kt:33:49 'fun <reified VM : ViewModel> hiltViewModel(viewModelStoreOwner: ViewModelStoreOwner = ..., key: String? = ...): VM' is deprecated. Moved to package: androidx.hilt.lifecycle.viewmodel.compose.
w: file:///mnt/c/Users/jcron/AndroidStudioProjects/EmberAudioPlayer3/app/src/main/java/com/ember/audio/MainActivity.kt:55:24 'fun launchWhenStarted(block: suspend CoroutineScope.() -> Unit): Job' is deprecated. launchWhenStarted is deprecated as it can lead to wasted resources in some cases. Replace with suspending repeatOnLifecycle to run the block whenever the Lifecycle state is at least Lifecycle.State.STARTED.
w: file:///mnt/c/Users/jcron/AndroidStudioProjects/EmberAudioPlayer3/app/src/main/java/com/ember/audio/ui/AppShell.kt:86:74 'fun <reified VM : ViewModel> hiltViewModel(viewModelStoreOwner: ViewModelStoreOwner = ..., key: String? = ...): VM' is deprecated. Moved to package: androidx.hilt.lifecycle.viewmodel.compose.
w: file:///mnt/c/Users/jcron/AndroidStudioProjects/EmberAudioPlayer3/app/src/main/java/com/ember/audio/ui/AppShell.kt:98:60 'fun <reified VM : ViewModel> hiltViewModel(viewModelStoreOwner: ViewModelStoreOwner = ..., key: String? = ...): VM' is deprecated. Moved to package: androidx.hilt.lifecycle.viewmodel.compose.
w: file:///mnt/c/Users/jcron/AndroidStudioProjects/EmberAudioPlayer3/app/src/main/java/com/ember/audio/ui/AppShell.kt:200:41 'fun <reified VM : ViewModel> hiltViewModel(viewModelStoreOwner: ViewModelStoreOwner = ..., key: String? = ...): VM' is deprecated. Moved to package: androidx.hilt.lifecycle.viewmodel.compose.
w: file:///mnt/c/Users/jcron/AndroidStudioProjects/EmberAudioPlayer3/app/src/main/java/com/ember/audio/ui/AppShell.kt:225:41 'fun <reified VM : ViewModel> hiltViewModel(viewModelStoreOwner: ViewModelStoreOwner = ..., key: String? = ...): VM' is deprecated. Moved to package: androidx.hilt.lifecycle.viewmodel.compose.
w: file:///mnt/c/Users/jcron/AndroidStudioProjects/EmberAudioPlayer3/app/src/main/java/com/ember/audio/ui/home/all/AllScreen.kt:108:24 'fun <reified VM : ViewModel> hiltViewModel(viewModelStoreOwner: ViewModelStoreOwner = ..., key: String? = ...): VM' is deprecated. Moved to package: androidx.hilt.lifecycle.viewmodel.compose.
w: file:///mnt/c/Users/jcron/AndroidStudioProjects/EmberAudioPlayer3/app/src/main/java/com/ember/audio/ui/library/AlbumDetailsScreen.kt:68:37 'fun <reified VM : ViewModel> hiltViewModel(viewModelStoreOwner: ViewModelStoreOwner = ..., key: String? = ...): VM' is deprecated. Moved to package: androidx.hilt.lifecycle.viewmodel.compose.
w: file:///mnt/c/Users/jcron/AndroidStudioProjects/EmberAudioPlayer3/app/src/main/java/com/ember/audio/ui/library/AlbumDetailsScreen.kt:71:33 'fun <reified VM : ViewModel> hiltViewModel(viewModelStoreOwner: ViewModelStoreOwner = ..., key: String? = ...): VM' is deprecated. Moved to package: androidx.hilt.lifecycle.viewmodel.compose.
w: file:///mnt/c/Users/jcron/AndroidStudioProjects/EmberAudioPlayer3/app/src/main/java/com/ember/audio/ui/library/AlbumDetailsScreen.kt:89:13 'fun Divider(modifier: Modifier = ..., thickness: Dp = ..., color: Color = ...): Unit' is deprecated. Renamed to HorizontalDivider.
w: file:///mnt/c/Users/jcron/AndroidStudioProjects/EmberAudioPlayer3/app/src/main/java/com/ember/audio/ui/library/AlbumDetailsScreen.kt:99:13 'fun Divider(modifier: Modifier = ..., thickness: Dp = ..., color: Color = ...): Unit' is deprecated. Renamed to HorizontalDivider.
w: file:///mnt/c/Users/jcron/AndroidStudioProjects/EmberAudioPlayer3/app/src/main/java/com/ember/audio/ui/library/AlbumsScreen.kt:77:31 'fun <reified VM : ViewModel> hiltViewModel(viewModelStoreOwner: ViewModelStoreOwner = ..., key: String? = ...): VM' is deprecated. Moved to package: androidx.hilt.lifecycle.viewmodel.compose.
w: file:///mnt/c/Users/jcron/AndroidStudioProjects/EmberAudioPlayer3/app/src/main/java/com/ember/audio/ui/library/AlbumsScreen.kt:79:41 'fun <reified VM : ViewModel> hiltViewModel(viewModelStoreOwner: ViewModelStoreOwner = ..., key: String? = ...): VM' is deprecated. Moved to package: androidx.hilt.lifecycle.viewmodel.compose.
w: file:///mnt/c/Users/jcron/AndroidStudioProjects/EmberAudioPlayer3/app/src/main/java/com/ember/audio/ui/library/AlbumsScreen.kt:94:86 'val Icons.Filled.Sort: ImageVector' is deprecated. Use the AutoMirrored version at Icons.AutoMirrored.Filled.Sort.
w: file:///mnt/c/Users/jcron/AndroidStudioProjects/EmberAudioPlayer3/app/src/main/java/com/ember/audio/ui/library/AlbumsScreen.kt:100:13 'fun Divider(modifier: Modifier = ..., thickness: Dp = ..., color: Color = ...): Unit' is deprecated. Renamed to HorizontalDivider.
w: file:///mnt/c/Users/jcron/AndroidStudioProjects/EmberAudioPlayer3/app/src/main/java/com/ember/audio/ui/library/AlbumsScreen.kt:111:13 'fun Divider(modifier: Modifier = ..., thickness: Dp = ..., color: Color = ...): Unit' is deprecated. Renamed to HorizontalDivider.
w: file:///mnt/c/Users/jcron/AndroidStudioProjects/EmberAudioPlayer3/app/src/main/java/com/ember/audio/ui/library/ArtistDetailsScreen.kt:64:38 'fun <reified VM : ViewModel> hiltViewModel(viewModelStoreOwner: ViewModelStoreOwner = ..., key: String? = ...): VM' is deprecated. Moved to package: androidx.hilt.lifecycle.viewmodel.compose.
w: file:///mnt/c/Users/jcron/AndroidStudioProjects/EmberAudioPlayer3/app/src/main/java/com/ember/audio/ui/library/ArtistDetailsScreen.kt:66:33 'fun <reified VM : ViewModel> hiltViewModel(viewModelStoreOwner: ViewModelStoreOwner = ..., key: String? = ...): VM' is deprecated. Moved to package: androidx.hilt.lifecycle.viewmodel.compose.
w: file:///mnt/c/Users/jcron/AndroidStudioProjects/EmberAudioPlayer3/app/src/main/java/com/ember/audio/ui/library/ArtistDetailsScreen.kt:89:13 'fun Divider(modifier: Modifier = ..., thickness: Dp = ..., color: Color = ...): Unit' is deprecated. Renamed to HorizontalDivider.
w: file:///mnt/c/Users/jcron/AndroidStudioProjects/EmberAudioPlayer3/app/src/main/java/com/ember/audio/ui/library/ArtistDetailsScreen.kt:99:13 'fun Divider(modifier: Modifier = ..., thickness: Dp = ..., color: Color = ...): Unit' is deprecated. Renamed to HorizontalDivider.
w: file:///mnt/c/Users/jcron/AndroidStudioProjects/EmberAudioPlayer3/app/src/main/java/com/ember/audio/ui/library/ArtistsScreen.kt:65:32 'fun <reified VM : ViewModel> hiltViewModel(viewModelStoreOwner: ViewModelStoreOwner = ..., key: String? = ...): VM' is deprecated. Moved to package: androidx.hilt.lifecycle.viewmodel.compose.
w: file:///mnt/c/Users/jcron/AndroidStudioProjects/EmberAudioPlayer3/app/src/main/java/com/ember/audio/ui/library/ArtistsScreen.kt:67:41 'fun <reified VM : ViewModel> hiltViewModel(viewModelStoreOwner: ViewModelStoreOwner = ..., key: String? = ...): VM' is deprecated. Moved to package: androidx.hilt.lifecycle.viewmodel.compose.
w: file:///mnt/c/Users/jcron/AndroidStudioProjects/EmberAudioPlayer3/app/src/main/java/com/ember/audio/ui/library/ArtistsScreen.kt:82:86 'val Icons.Filled.Sort: ImageVector' is deprecated. Use the AutoMirrored version at Icons.AutoMirrored.Filled.Sort.
w: file:///mnt/c/Users/jcron/AndroidStudioProjects/EmberAudioPlayer3/app/src/main/java/com/ember/audio/ui/library/ArtistsScreen.kt:88:13 'fun Divider(modifier: Modifier = ..., thickness: Dp = ..., color: Color = ...): Unit' is deprecated. Renamed to HorizontalDivider.
w: file:///mnt/c/Users/jcron/AndroidStudioProjects/EmberAudioPlayer3/app/src/main/java/com/ember/audio/ui/library/ArtistsScreen.kt:99:13 'fun Divider(modifier: Modifier = ..., thickness: Dp = ..., color: Color = ...): Unit' is deprecated. Renamed to HorizontalDivider.
w: file:///mnt/c/Users/jcron/AndroidStudioProjects/EmberAudioPlayer3/app/src/main/java/com/ember/audio/ui/library/FoldersScreen.kt:31:41 'fun <reified VM : ViewModel> hiltViewModel(viewModelStoreOwner: ViewModelStoreOwner = ..., key: String? = ...): VM' is deprecated. Moved to package: androidx.hilt.lifecycle.viewmodel.compose.
w: file:///mnt/c/Users/jcron/AndroidStudioProjects/EmberAudioPlayer3/app/src/main/java/com/ember/audio/ui/library/FoldersScreen.kt:64:17 'fun Divider(modifier: Modifier = ..., thickness: Dp = ..., color: Color = ...): Unit' is deprecated. Renamed to HorizontalDivider.
w: file:///mnt/c/Users/jcron/AndroidStudioProjects/EmberAudioPlayer3/app/src/main/java/com/ember/audio/ui/library/FoldersScreen.kt:67:9 'fun Divider(modifier: Modifier = ..., thickness: Dp = ..., color: Color = ...): Unit' is deprecated. Renamed to HorizontalDivider.
w: file:///mnt/c/Users/jcron/AndroidStudioProjects/EmberAudioPlayer3/app/src/main/java/com/ember/audio/ui/library/FoldersScreen.kt:75:17 'fun Divider(modifier: Modifier = ..., thickness: Dp = ..., color: Color = ...): Unit' is deprecated. Renamed to HorizontalDivider.
w: file:///mnt/c/Users/jcron/AndroidStudioProjects/EmberAudioPlayer3/app/src/main/java/com/ember/audio/ui/library/PlaylistDetailsScreen.kt:40:40 'fun <reified VM : ViewModel> hiltViewModel(viewModelStoreOwner: ViewModelStoreOwner = ..., key: String? = ...): VM' is deprecated. Moved to package: androidx.hilt.lifecycle.viewmodel.compose.
w: file:///mnt/c/Users/jcron/AndroidStudioProjects/EmberAudioPlayer3/app/src/main/java/com/ember/audio/ui/library/PlaylistDetailsScreen.kt:42:33 'fun <reified VM : ViewModel> hiltViewModel(viewModelStoreOwner: ViewModelStoreOwner = ..., key: String? = ...): VM' is deprecated. Moved to package: androidx.hilt.lifecycle.viewmodel.compose.
w: file:///mnt/c/Users/jcron/AndroidStudioProjects/EmberAudioPlayer3/app/src/main/java/com/ember/audio/ui/library/PlaylistDetailsScreen.kt:70:13 'fun Divider(modifier: Modifier = ..., thickness: Dp = ..., color: Color = ...): Unit' is deprecated. Renamed to HorizontalDivider.
w: file:///mnt/c/Users/jcron/AndroidStudioProjects/EmberAudioPlayer3/app/src/main/java/com/ember/audio/ui/library/PlaylistsScreen.kt:49:33 'fun <reified VM : ViewModel> hiltViewModel(viewModelStoreOwner: ViewModelStoreOwner = ..., key: String? = ...): VM' is deprecated. Moved to package: androidx.hilt.lifecycle.viewmodel.compose.
w: file:///mnt/c/Users/jcron/AndroidStudioProjects/EmberAudioPlayer3/app/src/main/java/com/ember/audio/ui/library/SmartPlaylists.kt:69:45 'fun <reified VM : ViewModel> hiltViewModel(viewModelStoreOwner: ViewModelStoreOwner = ..., key: String? = ...): VM' is deprecated. Moved to package: androidx.hilt.lifecycle.viewmodel.compose.
w: file:///mnt/c/Users/jcron/AndroidStudioProjects/EmberAudioPlayer3/app/src/main/java/com/ember/audio/ui/library/SmartPlaylists.kt:72:42 'fun <reified VM : ViewModel> hiltViewModel(viewModelStoreOwner: ViewModelStoreOwner = ..., key: String? = ...): VM' is deprecated. Moved to package: androidx.hilt.lifecycle.viewmodel.compose.
w: file:///mnt/c/Users/jcron/AndroidStudioProjects/EmberAudioPlayer3/app/src/main/java/com/ember/audio/ui/library/SmartPlaylists.kt:75:46 'fun <reified VM : ViewModel> hiltViewModel(viewModelStoreOwner: ViewModelStoreOwner = ..., key: String? = ...): VM' is deprecated. Moved to package: androidx.hilt.lifecycle.viewmodel.compose.
w: file:///mnt/c/Users/jcron/AndroidStudioProjects/EmberAudioPlayer3/app/src/main/java/com/ember/audio/ui/library/SmartPlaylists.kt:85:33 'fun <reified VM : ViewModel> hiltViewModel(viewModelStoreOwner: ViewModelStoreOwner = ..., key: String? = ...): VM' is deprecated. Moved to package: androidx.hilt.lifecycle.viewmodel.compose.
w: file:///mnt/c/Users/jcron/AndroidStudioProjects/EmberAudioPlayer3/app/src/main/java/com/ember/audio/ui/library/SmartPlaylists.kt:95:13 'fun Divider(modifier: Modifier = ..., thickness: Dp = ..., color: Color = ...): Unit' is deprecated. Renamed to HorizontalDivider.
w: file:///mnt/c/Users/jcron/AndroidStudioProjects/EmberAudioPlayer3/app/src/main/java/com/ember/audio/ui/library/SongsScreen.kt:93:30 'fun <reified VM : ViewModel> hiltViewModel(viewModelStoreOwner: ViewModelStoreOwner = ..., key: String? = ...): VM' is deprecated. Moved to package: androidx.hilt.lifecycle.viewmodel.compose.
w: file:///mnt/c/Users/jcron/AndroidStudioProjects/EmberAudioPlayer3/app/src/main/java/com/ember/audio/ui/library/SongsScreen.kt:94:41 'fun <reified VM : ViewModel> hiltViewModel(viewModelStoreOwner: ViewModelStoreOwner = ..., key: String? = ...): VM' is deprecated. Moved to package: androidx.hilt.lifecycle.viewmodel.compose.
w: file:///mnt/c/Users/jcron/AndroidStudioProjects/EmberAudioPlayer3/app/src/main/java/com/ember/audio/ui/library/SongsScreen.kt:116:45 'fun <reified VM : ViewModel> hiltViewModel(viewModelStoreOwner: ViewModelStoreOwner = ..., key: String? = ...): VM' is deprecated. Moved to package: androidx.hilt.lifecycle.viewmodel.compose.
w: file:///mnt/c/Users/jcron/AndroidStudioProjects/EmberAudioPlayer3/app/src/main/java/com/ember/audio/ui/library/SongsScreen.kt:129:40 'val Icons.Filled.Sort: ImageVector' is deprecated. Use the AutoMirrored version at Icons.AutoMirrored.Filled.Sort.
w: file:///mnt/c/Users/jcron/AndroidStudioProjects/EmberAudioPlayer3/app/src/main/java/com/ember/audio/ui/library/SongsScreen.kt:146:13 'fun Divider(modifier: Modifier = ..., thickness: Dp = ..., color: Color = ...): Unit' is deprecated. Renamed to HorizontalDivider.
w: file:///mnt/c/Users/jcron/AndroidStudioProjects/EmberAudioPlayer3/app/src/main/java/com/ember/audio/ui/library/SongsScreen.kt:158:49 'fun <reified VM : ViewModel> hiltViewModel(viewModelStoreOwner: ViewModelStoreOwner = ..., key: String? = ...): VM' is deprecated. Moved to package: androidx.hilt.lifecycle.viewmodel.compose.
w: file:///mnt/c/Users/jcron/AndroidStudioProjects/EmberAudioPlayer3/app/src/main/java/com/ember/audio/ui/library/SongsScreen.kt:183:13 'fun Divider(modifier: Modifier = ..., thickness: Dp = ..., color: Color = ...): Unit' is deprecated. Renamed to HorizontalDivider.
w: file:///mnt/c/Users/jcron/AndroidStudioProjects/EmberAudioPlayer3/app/src/main/java/com/ember/audio/ui/player/EqSheet.kt:15:60 'fun <reified VM : ViewModel> hiltViewModel(viewModelStoreOwner: ViewModelStoreOwner = ..., key: String? = ...): VM' is deprecated. Moved to package: androidx.hilt.lifecycle.viewmodel.compose.
w: file:///mnt/c/Users/jcron/AndroidStudioProjects/EmberAudioPlayer3/app/src/main/java/com/ember/audio/ui/player/MiniPlayer.kt:57:33 'fun <reified VM : ViewModel> hiltViewModel(viewModelStoreOwner: ViewModelStoreOwner = ..., key: String? = ...): VM' is deprecated. Moved to package: androidx.hilt.lifecycle.viewmodel.compose.
w: file:///mnt/c/Users/jcron/AndroidStudioProjects/EmberAudioPlayer3/app/src/main/java/com/ember/audio/ui/player/NowPlayingSheet.kt:64:33 'fun <reified VM : ViewModel> hiltViewModel(viewModelStoreOwner: ViewModelStoreOwner = ..., key: String? = ...): VM' is deprecated. Moved to package: androidx.hilt.lifecycle.viewmodel.compose.
w: file:///mnt/c/Users/jcron/AndroidStudioProjects/EmberAudioPlayer3/app/src/main/java/com/ember/audio/ui/player/NowPlayingSheet.kt:73:41 'fun <reified VM : ViewModel> hiltViewModel(viewModelStoreOwner: ViewModelStoreOwner = ..., key: String? = ...): VM' is deprecated. Moved to package: androidx.hilt.lifecycle.viewmodel.compose.
w: file:///mnt/c/Users/jcron/AndroidStudioProjects/EmberAudioPlayer3/app/src/main/java/com/ember/audio/ui/player/NowPlayingV2.kt:68:63 'fun <reified VM : ViewModel> hiltViewModel(viewModelStoreOwner: ViewModelStoreOwner = ..., key: String? = ...): VM' is deprecated. Moved to package: androidx.hilt.lifecycle.viewmodel.compose.
w: file:///mnt/c/Users/jcron/AndroidStudioProjects/EmberAudioPlayer3/app/src/main/java/com/ember/audio/ui/player/NowPlayingV2.kt:223:47 'val Icons.Filled.PlaylistAdd: ImageVector' is deprecated. Use the AutoMirrored version at Icons.AutoMirrored.Filled.PlaylistAdd.
w: file:///mnt/c/Users/jcron/AndroidStudioProjects/EmberAudioPlayer3/app/src/main/java/com/ember/audio/ui/player/NowPlayingV2.kt:227:121 'val Icons.Filled.QueueMusic: ImageVector' is deprecated. Use the AutoMirrored version at Icons.AutoMirrored.Filled.QueueMusic.
w: file:///mnt/c/Users/jcron/AndroidStudioProjects/EmberAudioPlayer3/app/src/main/java/com/ember/audio/ui/player/QueueSheet.kt:66:33 'fun <reified VM : ViewModel> hiltViewModel(viewModelStoreOwner: ViewModelStoreOwner = ..., key: String? = ...): VM' is deprecated. Moved to package: androidx.hilt.lifecycle.viewmodel.compose.
w: file:///mnt/c/Users/jcron/AndroidStudioProjects/EmberAudioPlayer3/app/src/main/java/com/ember/audio/ui/player/QueueSheet.kt:75:9 'fun Divider(modifier: Modifier = ..., thickness: Dp = ..., color: Color = ...): Unit' is deprecated. Renamed to HorizontalDivider.
w: file:///mnt/c/Users/jcron/AndroidStudioProjects/EmberAudioPlayer3/app/src/main/java/com/ember/audio/ui/player/QueueSheet.kt:189:17 'fun Divider(modifier: Modifier = ..., thickness: Dp = ..., color: Color = ...): Unit' is deprecated. Renamed to HorizontalDivider.
w: file:///mnt/c/Users/jcron/AndroidStudioProjects/EmberAudioPlayer3/app/src/main/java/com/ember/audio/ui/player/SleepSheet.kt:22:63 'fun <reified VM : ViewModel> hiltViewModel(viewModelStoreOwner: ViewModelStoreOwner = ..., key: String? = ...): VM' is deprecated. Moved to package: androidx.hilt.lifecycle.viewmodel.compose.
w: file:///mnt/c/Users/jcron/AndroidStudioProjects/EmberAudioPlayer3/app/src/main/java/com/ember/audio/ui/search/SearchScreen.kt:88:10 This declaration is in a preview state and can be changed in a backwards-incompatible manner with a best-effort migration. Its usage should be marked with '@kotlinx.coroutines.FlowPreview' or '@OptIn(kotlinx.coroutines.FlowPreview::class)' if you accept the drawback of relying on preview API
w: file:///mnt/c/Users/jcron/AndroidStudioProjects/EmberAudioPlayer3/app/src/main/java/com/ember/audio/ui/search/SearchScreen.kt:89:10 This declaration needs opt-in. Its usage should be marked with '@kotlinx.coroutines.ExperimentalCoroutinesApi' or '@OptIn(kotlinx.coroutines.ExperimentalCoroutinesApi::class)'
w: file:///mnt/c/Users/jcron/AndroidStudioProjects/EmberAudioPlayer3/app/src/main/java/com/ember/audio/ui/search/SearchScreen.kt:96:10 This declaration is in a preview state and can be changed in a backwards-incompatible manner with a best-effort migration. Its usage should be marked with '@kotlinx.coroutines.FlowPreview' or '@OptIn(kotlinx.coroutines.FlowPreview::class)' if you accept the drawback of relying on preview API
w: file:///mnt/c/Users/jcron/AndroidStudioProjects/EmberAudioPlayer3/app/src/main/java/com/ember/audio/ui/search/SearchScreen.kt:97:10 This declaration needs opt-in. Its usage should be marked with '@kotlinx.coroutines.ExperimentalCoroutinesApi' or '@OptIn(kotlinx.coroutines.ExperimentalCoroutinesApi::class)'
w: file:///mnt/c/Users/jcron/AndroidStudioProjects/EmberAudioPlayer3/app/src/main/java/com/ember/audio/ui/search/SearchScreen.kt:104:10 This declaration is in a preview state and can be changed in a backwards-incompatible manner with a best-effort migration. Its usage should be marked with '@kotlinx.coroutines.FlowPreview' or '@OptIn(kotlinx.coroutines.FlowPreview::class)' if you accept the drawback of relying on preview API
w: file:///mnt/c/Users/jcron/AndroidStudioProjects/EmberAudioPlayer3/app/src/main/java/com/ember/audio/ui/search/SearchScreen.kt:105:10 This declaration needs opt-in. Its usage should be marked with '@kotlinx.coroutines.ExperimentalCoroutinesApi' or '@OptIn(kotlinx.coroutines.ExperimentalCoroutinesApi::class)'
w: file:///mnt/c/Users/jcron/AndroidStudioProjects/EmberAudioPlayer3/app/src/main/java/com/ember/audio/ui/search/SearchScreen.kt:117:31 'fun <reified VM : ViewModel> hiltViewModel(viewModelStoreOwner: ViewModelStoreOwner = ..., key: String? = ...): VM' is deprecated. Moved to package: androidx.hilt.lifecycle.viewmodel.compose.
w: file:///mnt/c/Users/jcron/AndroidStudioProjects/EmberAudioPlayer3/app/src/main/java/com/ember/audio/ui/search/SearchScreen.kt:123:33 'fun <reified VM : ViewModel> hiltViewModel(viewModelStoreOwner: ViewModelStoreOwner = ..., key: String? = ...): VM' is deprecated. Moved to package: androidx.hilt.lifecycle.viewmodel.compose.
w: file:///mnt/c/Users/jcron/AndroidStudioProjects/EmberAudioPlayer3/app/src/main/java/com/ember/audio/ui/search/SearchScreen.kt:171:25 'fun Divider(modifier: Modifier = ..., thickness: Dp = ..., color: Color = ...): Unit' is deprecated. Renamed to HorizontalDivider.
w: file:///mnt/c/Users/jcron/AndroidStudioProjects/EmberAudioPlayer3/app/src/main/java/com/ember/audio/ui/search/SearchScreen.kt:198:25 'fun Divider(modifier: Modifier = ..., thickness: Dp = ..., color: Color = ...): Unit' is deprecated. Renamed to HorizontalDivider.
w: file:///mnt/c/Users/jcron/AndroidStudioProjects/EmberAudioPlayer3/app/src/main/java/com/ember/audio/ui/search/SearchScreen.kt:215:25 'fun Divider(modifier: Modifier = ..., thickness: Dp = ..., color: Color = ...): Unit' is deprecated. Renamed to HorizontalDivider.
w: file:///mnt/c/Users/jcron/AndroidStudioProjects/EmberAudioPlayer3/app/src/main/java/com/ember/audio/ui/search/SearchScreen.kt:273:25 'fun Divider(modifier: Modifier = ..., thickness: Dp = ..., color: Color = ...): Unit' is deprecated. Renamed to HorizontalDivider.
w: file:///mnt/c/Users/jcron/AndroidStudioProjects/EmberAudioPlayer3/app/src/main/java/com/ember/audio/ui/search/SearchScreen.kt:304:25 'fun Divider(modifier: Modifier = ..., thickness: Dp = ..., color: Color = ...): Unit' is deprecated. Renamed to HorizontalDivider.
w: file:///mnt/c/Users/jcron/AndroidStudioProjects/EmberAudioPlayer3/app/src/main/java/com/ember/audio/ui/search/SearchScreen.kt:325:25 'fun Divider(modifier: Modifier = ..., thickness: Dp = ..., color: Color = ...): Unit' is deprecated. Renamed to HorizontalDivider.
w: file:///mnt/c/Users/jcron/AndroidStudioProjects/EmberAudioPlayer3/app/src/main/java/com/ember/audio/ui/settings/SettingsScreen.kt:45:33 'fun <reified VM : ViewModel> hiltViewModel(viewModelStoreOwner: ViewModelStoreOwner = ..., key: String? = ...): VM' is deprecated. Moved to package: androidx.hilt.lifecycle.viewmodel.compose.
w: file:///mnt/c/Users/jcron/AndroidStudioProjects/EmberAudioPlayer3/app/src/main/java/com/ember/audio/ui/settings/SettingsScreen.kt:46:45 'fun <reified VM : ViewModel> hiltViewModel(viewModelStoreOwner: ViewModelStoreOwner = ..., key: String? = ...): VM' is deprecated. Moved to package: androidx.hilt.lifecycle.viewmodel.compose.
w: file:///mnt/c/Users/jcron/AndroidStudioProjects/EmberAudioPlayer3/app/src/main/java/com/ember/audio/ui/settings/SettingsScreen.kt:76:9 'fun Divider(modifier: Modifier = ..., thickness: Dp = ..., color: Color = ...): Unit' is deprecated. Renamed to HorizontalDivider.
w: file:///mnt/c/Users/jcron/AndroidStudioProjects/EmberAudioPlayer3/app/src/main/java/com/ember/audio/ui/settings/SettingsScreen.kt:81:9 'fun Divider(modifier: Modifier = ..., thickness: Dp = ..., color: Color = ...): Unit' is deprecated. Renamed to HorizontalDivider.
w: file:///mnt/c/Users/jcron/AndroidStudioProjects/EmberAudioPlayer3/app/src/main/java/com/ember/audio/ui/settings/ThemeStudioScreen.kt:18:47 'fun <reified VM : ViewModel> hiltViewModel(viewModelStoreOwner: ViewModelStoreOwner = ..., key: String? = ...): VM' is deprecated. Moved to package: androidx.hilt.lifecycle.viewmodel.compose.
w: file:///mnt/c/Users/jcron/AndroidStudioProjects/EmberAudioPlayer3/app/src/main/java/com/ember/audio/ui/util/Intents.kt:15:19 'static fun startActivity(p0: @NonNull() Context, p1: @NonNull() Intent, p2: @Nullable() Bundle?): Unit' is deprecated. Deprecated in Java.
Finished executing kotlin compiler using DAEMON strategy
Build 4d663697-ae59-4984-b4be-55a9b07f89fc is closed

BUILD SUCCESSFUL in 1m 3s
19 actionable tasks: 2 executed, 17 up-to-date
Some of the file system contents retained in the virtual file system are on file systems that Gradle doesn't support watching. The relevant state was discarded to ensure changes to these locations are properly detected. You can override this by explicitly enabling file system watching.
