Initialized native services in: /home/jcron/.gradle/native
Initialized jansi services in: /home/jcron/.gradle/native
The client will now receive all logging from the daemon (pid: 15430). The daemon log file: /home/jcron/.gradle/daemon/8.13/daemon-15430.out.log
Starting 12th build in daemon [uptime: 2 hrs 0 mins 46.196 secs, performance: 99%, GC rate: 0.00/s, heap usage: 3% of 2 GiB]
Using 1 worker leases.
Not watching /mnt/c/Users/jcron/AndroidStudioProjects/EmberAudioPlayer3 since the file system is not supported
Watching the file system is configured to be enabled if available
File system watching is active
Starting Build
Settings evaluated using settings file '/mnt/c/Users/jcron/AndroidStudioProjects/EmberAudioPlayer3/settings.gradle.kts'.
Projects loaded. Root project using build file '/mnt/c/Users/jcron/AndroidStudioProjects/EmberAudioPlayer3/build.gradle.kts'.
Included projects: [root project 'EmberAudioPlayer', project ':app']

> Configure project :
Evaluating root project 'EmberAudioPlayer' using build file '/mnt/c/Users/jcron/AndroidStudioProjects/EmberAudioPlayer3/build.gradle.kts'.
Resolved plugin [id: 'com.android.application', version: '8.12.0', apply: false]
Resolved plugin [id: 'org.jetbrains.kotlin.android', version: '2.1.20', apply: false]
Resolved plugin [id: 'org.jetbrains.kotlin.plugin.compose', version: '2.1.20', apply: false]
Resolved plugin [id: 'com.google.devtools.ksp', version: '2.1.20-1.0.32', apply: false]
Resolved plugin [id: 'com.google.dagger.hilt.android', version: '2.57.1', apply: false]
Resolved plugin [id: 'com.google.protobuf', version: '0.9.4', apply: false]

> Configure project :app
Evaluating project ':app' using build file '/mnt/c/Users/jcron/AndroidStudioProjects/EmberAudioPlayer3/app/build.gradle.kts'.
Resolved plugin [id: 'com.android.application', version: '8.12.0']
Resolved plugin [id: 'org.jetbrains.kotlin.android', version: '2.1.20']
Resolved plugin [id: 'org.jetbrains.kotlin.plugin.compose']
Resolved plugin [id: 'com.google.devtools.ksp']
Resolved plugin [id: 'com.google.dagger.hilt.android']
Resolved plugin [id: 'com.google.protobuf']
Using default execution profile
Build 2b7cb8a4-e7f6-41be-b5e3-5fb058a6c5e6 is started
Using Kotlin Gradle Plugin gradle85 variant
The com.google.protobuf plugin was already applied to the project: :app and will not be applied again after plugin: android
Detected Android Gradle Plugin compose compiler configuration
Detected Android Gradle Plugin compose compiler configuration
Detected Android Gradle Plugin compose compiler configuration
Detected Android Gradle Plugin compose compiler configuration
Detected Android Gradle Plugin compose compiler configuration
------------------------------------------------------------------------
Detecting the operating system and CPU architecture
------------------------------------------------------------------------
os.detected.name=linux
os.detected.arch=x86_64
os.detected.bitness=64
os.detected.version=6.6
os.detected.version.major=6
os.detected.version.minor=6
os.detected.release=ubuntu
os.detected.release.version=24.04
os.detected.release.like.ubuntu=true
os.detected.release.like.debian=true
os.detected.classifier=linux-x86_64
All projects evaluated.
Task path ':app:compileDebugKotlin' matched project ':app'
Task name matched 'compileDebugKotlin'
Adding -Xuse-inline-scopes-numbers Kotlin compiler flag for task :app:compileDebugKotlin
Selected primary task 'compileDebugKotlin' from project :app
SDK Manager found the following installed packages: build-tools;34.0.0 build-tools;35.0.0 build-tools;36.0.0 build-tools;36.1.0-rc1 cmdline-tools;latest emulator extras;google;Android_Emulator_Hypervisor_Driver platform-tools platforms;android-34 platforms;android-35 platforms;android-36 sources;android-35 sources;android-36 system-images;android-36;google_apis_playstore;x86_64
SDK Manager found the following installed packages: build-tools;34.0.0 build-tools;35.0.0 build-tools;36.0.0 build-tools;36.1.0-rc1 cmdline-tools;latest emulator extras;google;Android_Emulator_Hypervisor_Driver platform-tools platforms;android-34 platforms;android-35 platforms;android-36 sources;android-35 sources;android-36 system-images;android-36;google_apis_playstore;x86_64
Build-tool 35.0.0 is missing AAPT at /mnt/c/Users/jcron/AppData/Local/Android/Sdk/build-tools/35.0.0/aapt
SDK Manager found the following installed packages: build-tools;34.0.0 build-tools;35.0.0 build-tools;36.0.0 build-tools;36.1.0-rc1 cmdline-tools;latest emulator extras;google;Android_Emulator_Hypervisor_Driver platform-tools platforms;android-34 platforms;android-35 platforms;android-36 sources;android-35 sources;android-36 system-images;android-36;google_apis_playstore;x86_64
SDK Manager found the following installed packages: build-tools;34.0.0 build-tools;35.0.0 build-tools;36.0.0 build-tools;36.1.0-rc1 cmdline-tools;latest emulator extras;google;Android_Emulator_Hypervisor_Driver platform-tools platforms;android-34 platforms;android-35 platforms;android-36 sources;android-35 sources;android-36 system-images;android-36;google_apis_playstore;x86_64
SDK Manager found the following installed packages: build-tools;34.0.0 build-tools;35.0.0 build-tools;36.0.0 build-tools;36.1.0-rc1 cmdline-tools;latest emulator extras;google;Android_Emulator_Hypervisor_Driver platform-tools platforms;android-34 platforms;android-35 platforms;android-36 sources;android-35 sources;android-36 system-images;android-36;google_apis_playstore;x86_64
Build-tool 35.0.0 is missing AAPT at /mnt/c/Users/jcron/AppData/Local/Android/Sdk/build-tools/35.0.0/aapt
Build 2b7cb8a4-e7f6-41be-b5e3-5fb058a6c5e6 is closed

FAILURE: Build failed with an exception.

* What went wrong:
Could not determine the dependencies of task ':app:compileDebugKotlin'.
> Installed Build Tools revision 35.0.0 is corrupted. Remove and install again using the SDK Manager.

* Try:
> Run with --debug option to get more log output.
> Run with --scan to get full insights.
> Get more help at https://help.gradle.org.

* Exception is:
org.gradle.api.internal.tasks.TaskDependencyResolveException: Could not determine the dependencies of task ':app:compileDebugKotlin'.
	at org.gradle.api.internal.tasks.CachingTaskDependencyResolveContext.getDependencies(CachingTaskDependencyResolveContext.java:70)
	at org.gradle.execution.plan.TaskDependencyResolver.resolveDependenciesFor(TaskDependencyResolver.java:49)
	at org.gradle.execution.plan.LocalTaskNode.getDependencies(LocalTaskNode.java:151)
	at org.gradle.execution.plan.LocalTaskNode.resolveDependencies(LocalTaskNode.java:125)
	at org.gradle.execution.plan.DefaultExecutionPlan.discoverNodeRelationships(DefaultExecutionPlan.java:182)
	at org.gradle.execution.plan.DefaultExecutionPlan.doAddEntryNodes(DefaultExecutionPlan.java:154)
	at org.gradle.execution.plan.DefaultExecutionPlan.addEntryTasks(DefaultExecutionPlan.java:129)
	at org.gradle.execution.plan.DefaultExecutionPlan.addEntryTasks(DefaultExecutionPlan.java:121)
	at org.gradle.execution.TaskNameResolvingBuildTaskScheduler.scheduleRequestedTasks(TaskNameResolvingBuildTaskScheduler.java:61)
	at org.gradle.execution.DefaultTasksBuildTaskScheduler.scheduleRequestedTasks(DefaultTasksBuildTaskScheduler.java:72)
	at org.gradle.initialization.DefaultTaskExecutionPreparer.lambda$scheduleRequestedTasks$0(DefaultTaskExecutionPreparer.java:48)
	at org.gradle.internal.Factories$1.create(Factories.java:31)
	at org.gradle.internal.work.DefaultWorkerLeaseService.withReplacedLocks(DefaultWorkerLeaseService.java:359)
	at org.gradle.api.internal.project.DefaultProjectStateRegistry$DefaultBuildProjectRegistry.withMutableStateOfAllProjects(DefaultProjectStateRegistry.java:239)
	at org.gradle.api.internal.project.DefaultProjectStateRegistry$DefaultBuildProjectRegistry.withMutableStateOfAllProjects(DefaultProjectStateRegistry.java:232)
	at org.gradle.initialization.DefaultTaskExecutionPreparer.scheduleRequestedTasks(DefaultTaskExecutionPreparer.java:47)
	at org.gradle.initialization.VintageBuildModelController.lambda$scheduleRequestedTasks$0(VintageBuildModelController.java:76)
	at org.gradle.internal.model.StateTransitionController.lambda$inState$1(StateTransitionController.java:99)
	at org.gradle.internal.model.StateTransitionController.lambda$inState$2(StateTransitionController.java:114)
	at org.gradle.internal.work.DefaultSynchronizer.withLock(DefaultSynchronizer.java:46)
	at org.gradle.internal.model.StateTransitionController.inState(StateTransitionController.java:110)
	at org.gradle.internal.model.StateTransitionController.inState(StateTransitionController.java:98)
	at org.gradle.initialization.VintageBuildModelController.scheduleRequestedTasks(VintageBuildModelController.java:76)
	at org.gradle.internal.build.DefaultBuildLifecycleController$DefaultWorkGraphBuilder.addRequestedTasks(DefaultBuildLifecycleController.java:404)
	at org.gradle.internal.buildtree.DefaultBuildTreeWorkPreparer.lambda$scheduleRequestedTasks$0(DefaultBuildTreeWorkPreparer.java:41)
	at org.gradle.internal.build.DefaultBuildLifecycleController.lambda$populateWorkGraph$7(DefaultBuildLifecycleController.java:189)
	at org.gradle.internal.build.DefaultBuildWorkPreparer.populateWorkGraph(DefaultBuildWorkPreparer.java:42)
	at org.gradle.internal.build.BuildOperationFiringBuildWorkPreparer$PopulateWorkGraph.populateTaskGraph(BuildOperationFiringBuildWorkPreparer.java:106)
	at org.gradle.internal.build.BuildOperationFiringBuildWorkPreparer$PopulateWorkGraph.run(BuildOperationFiringBuildWorkPreparer.java:92)
	at org.gradle.internal.operations.DefaultBuildOperationRunner$1.execute(DefaultBuildOperationRunner.java:30)
	at org.gradle.internal.operations.DefaultBuildOperationRunner$1.execute(DefaultBuildOperationRunner.java:27)
	at org.gradle.internal.operations.DefaultBuildOperationRunner$2.execute(DefaultBuildOperationRunner.java:67)
	at org.gradle.internal.operations.DefaultBuildOperationRunner$2.execute(DefaultBuildOperationRunner.java:60)
	at org.gradle.internal.operations.DefaultBuildOperationRunner.execute(DefaultBuildOperationRunner.java:167)
	at org.gradle.internal.operations.DefaultBuildOperationRunner.execute(DefaultBuildOperationRunner.java:60)
	at org.gradle.internal.operations.DefaultBuildOperationRunner.run(DefaultBuildOperationRunner.java:48)
	at org.gradle.internal.build.BuildOperationFiringBuildWorkPreparer.populateWorkGraph(BuildOperationFiringBuildWorkPreparer.java:67)
	at org.gradle.internal.build.DefaultBuildLifecycleController.lambda$populateWorkGraph$8(DefaultBuildLifecycleController.java:189)
	at org.gradle.internal.model.StateTransitionController.lambda$inState$1(StateTransitionController.java:99)
	at org.gradle.internal.model.StateTransitionController.lambda$inState$2(StateTransitionController.java:114)
	at org.gradle.internal.work.DefaultSynchronizer.withLock(DefaultSynchronizer.java:46)
	at org.gradle.internal.model.StateTransitionController.inState(StateTransitionController.java:110)
	at org.gradle.internal.model.StateTransitionController.inState(StateTransitionController.java:98)
	at org.gradle.internal.build.DefaultBuildLifecycleController.populateWorkGraph(DefaultBuildLifecycleController.java:189)
	at org.gradle.internal.build.DefaultBuildWorkGraphController$DefaultBuildWorkGraph.populateWorkGraph(DefaultBuildWorkGraphController.java:169)
	at org.gradle.composite.internal.DefaultBuildController.populateWorkGraph(DefaultBuildController.java:76)
	at org.gradle.composite.internal.DefaultIncludedBuildTaskGraph$DefaultBuildTreeWorkGraphBuilder.withWorkGraph(DefaultIncludedBuildTaskGraph.java:153)
	at org.gradle.internal.buildtree.DefaultBuildTreeWorkPreparer.lambda$scheduleRequestedTasks$1(DefaultBuildTreeWorkPreparer.java:41)
	at org.gradle.composite.internal.DefaultIncludedBuildTaskGraph$DefaultBuildTreeWorkGraph$1.run(DefaultIncludedBuildTaskGraph.java:209)
	at org.gradle.internal.operations.DefaultBuildOperationRunner$1.execute(DefaultBuildOperationRunner.java:30)
	at org.gradle.internal.operations.DefaultBuildOperationRunner$1.execute(DefaultBuildOperationRunner.java:27)
	at org.gradle.internal.operations.DefaultBuildOperationRunner$2.execute(DefaultBuildOperationRunner.java:67)
	at org.gradle.internal.operations.DefaultBuildOperationRunner$2.execute(DefaultBuildOperationRunner.java:60)
	at org.gradle.internal.operations.DefaultBuildOperationRunner.execute(DefaultBuildOperationRunner.java:167)
	at org.gradle.internal.operations.DefaultBuildOperationRunner.execute(DefaultBuildOperationRunner.java:60)
	at org.gradle.internal.operations.DefaultBuildOperationRunner.run(DefaultBuildOperationRunner.java:48)
	at org.gradle.composite.internal.DefaultIncludedBuildTaskGraph$DefaultBuildTreeWorkGraph.scheduleWork(DefaultIncludedBuildTaskGraph.java:204)
	at org.gradle.internal.buildtree.DefaultBuildTreeWorkPreparer.scheduleRequestedTasks(DefaultBuildTreeWorkPreparer.java:37)
	at org.gradle.internal.cc.impl.VintageBuildTreeWorkController$scheduleAndRunRequestedTasks$1.apply(VintageBuildTreeWorkController.kt:36)
	at org.gradle.internal.cc.impl.VintageBuildTreeWorkController$scheduleAndRunRequestedTasks$1.apply(VintageBuildTreeWorkController.kt:35)
	at org.gradle.composite.internal.DefaultIncludedBuildTaskGraph.withNewWorkGraph(DefaultIncludedBuildTaskGraph.java:112)
	at org.gradle.internal.cc.impl.VintageBuildTreeWorkController.scheduleAndRunRequestedTasks(VintageBuildTreeWorkController.kt:35)
	at org.gradle.internal.buildtree.DefaultBuildTreeLifecycleController.lambda$scheduleAndRunTasks$1(DefaultBuildTreeLifecycleController.java:77)
	at org.gradle.internal.buildtree.DefaultBuildTreeLifecycleController.lambda$runBuild$4(DefaultBuildTreeLifecycleController.java:120)
	at org.gradle.internal.model.StateTransitionController.lambda$transition$6(StateTransitionController.java:169)
	at org.gradle.internal.model.StateTransitionController.doTransition(StateTransitionController.java:266)
	at org.gradle.internal.model.StateTransitionController.lambda$transition$7(StateTransitionController.java:169)
	at org.gradle.internal.work.DefaultSynchronizer.withLock(DefaultSynchronizer.java:46)
	at org.gradle.internal.model.StateTransitionController.transition(StateTransitionController.java:169)
	at org.gradle.internal.buildtree.DefaultBuildTreeLifecycleController.runBuild(DefaultBuildTreeLifecycleController.java:117)
	at org.gradle.internal.buildtree.DefaultBuildTreeLifecycleController.scheduleAndRunTasks(DefaultBuildTreeLifecycleController.java:77)
	at org.gradle.internal.buildtree.DefaultBuildTreeLifecycleController.scheduleAndRunTasks(DefaultBuildTreeLifecycleController.java:72)
	at org.gradle.tooling.internal.provider.ExecuteBuildActionRunner.run(ExecuteBuildActionRunner.java:31)
	at org.gradle.launcher.exec.ChainingBuildActionRunner.run(ChainingBuildActionRunner.java:35)
	at org.gradle.internal.buildtree.ProblemReportingBuildActionRunner.run(ProblemReportingBuildActionRunner.java:49)
	at org.gradle.launcher.exec.BuildOutcomeReportingBuildActionRunner.run(BuildOutcomeReportingBuildActionRunner.java:71)
	at org.gradle.tooling.internal.provider.FileSystemWatchingBuildActionRunner.run(FileSystemWatchingBuildActionRunner.java:135)
	at org.gradle.launcher.exec.BuildCompletionNotifyingBuildActionRunner.run(BuildCompletionNotifyingBuildActionRunner.java:41)
	at org.gradle.launcher.exec.RootBuildLifecycleBuildActionExecutor.lambda$execute$0(RootBuildLifecycleBuildActionExecutor.java:54)
	at org.gradle.composite.internal.DefaultRootBuildState.run(DefaultRootBuildState.java:130)
	at org.gradle.launcher.exec.RootBuildLifecycleBuildActionExecutor.execute(RootBuildLifecycleBuildActionExecutor.java:54)
	at org.gradle.internal.buildtree.InitDeprecationLoggingActionExecutor.execute(InitDeprecationLoggingActionExecutor.java:62)
	at org.gradle.internal.buildtree.InitProblems.execute(InitProblems.java:36)
	at org.gradle.internal.buildtree.DefaultBuildTreeContext.execute(DefaultBuildTreeContext.java:40)
	at org.gradle.launcher.exec.BuildTreeLifecycleBuildActionExecutor.lambda$execute$0(BuildTreeLifecycleBuildActionExecutor.java:71)
	at org.gradle.internal.buildtree.BuildTreeState.run(BuildTreeState.java:60)
	at org.gradle.launcher.exec.BuildTreeLifecycleBuildActionExecutor.execute(BuildTreeLifecycleBuildActionExecutor.java:71)
	at org.gradle.launcher.exec.RunAsBuildOperationBuildActionExecutor$2.call(RunAsBuildOperationBuildActionExecutor.java:67)
	at org.gradle.launcher.exec.RunAsBuildOperationBuildActionExecutor$2.call(RunAsBuildOperationBuildActionExecutor.java:63)
	at org.gradle.internal.operations.DefaultBuildOperationRunner$CallableBuildOperationWorker.execute(DefaultBuildOperationRunner.java:210)
	at org.gradle.internal.operations.DefaultBuildOperationRunner$CallableBuildOperationWorker.execute(DefaultBuildOperationRunner.java:205)
	at org.gradle.internal.operations.DefaultBuildOperationRunner$2.execute(DefaultBuildOperationRunner.java:67)
	at org.gradle.internal.operations.DefaultBuildOperationRunner$2.execute(DefaultBuildOperationRunner.java:60)
	at org.gradle.internal.operations.DefaultBuildOperationRunner.execute(DefaultBuildOperationRunner.java:167)
	at org.gradle.internal.operations.DefaultBuildOperationRunner.execute(DefaultBuildOperationRunner.java:60)
	at org.gradle.internal.operations.DefaultBuildOperationRunner.call(DefaultBuildOperationRunner.java:54)
	at org.gradle.launcher.exec.RunAsBuildOperationBuildActionExecutor.execute(RunAsBuildOperationBuildActionExecutor.java:63)
	at org.gradle.launcher.exec.RunAsWorkerThreadBuildActionExecutor.lambda$execute$0(RunAsWorkerThreadBuildActionExecutor.java:36)
	at org.gradle.internal.work.DefaultWorkerLeaseService.withLocks(DefaultWorkerLeaseService.java:263)
	at org.gradle.internal.work.DefaultWorkerLeaseService.runAsWorkerThread(DefaultWorkerLeaseService.java:127)
	at org.gradle.launcher.exec.RunAsWorkerThreadBuildActionExecutor.execute(RunAsWorkerThreadBuildActionExecutor.java:36)
	at org.gradle.tooling.internal.provider.continuous.ContinuousBuildActionExecutor.execute(ContinuousBuildActionExecutor.java:110)
	at org.gradle.tooling.internal.provider.SubscribableBuildActionExecutor.execute(SubscribableBuildActionExecutor.java:64)
	at org.gradle.internal.session.DefaultBuildSessionContext.execute(DefaultBuildSessionContext.java:46)
	at org.gradle.internal.buildprocess.execution.BuildSessionLifecycleBuildActionExecutor$ActionImpl.apply(BuildSessionLifecycleBuildActionExecutor.java:92)
	at org.gradle.internal.buildprocess.execution.BuildSessionLifecycleBuildActionExecutor$ActionImpl.apply(BuildSessionLifecycleBuildActionExecutor.java:80)
	at org.gradle.internal.session.BuildSessionState.run(BuildSessionState.java:73)
	at org.gradle.internal.buildprocess.execution.BuildSessionLifecycleBuildActionExecutor.execute(BuildSessionLifecycleBuildActionExecutor.java:62)
	at org.gradle.internal.buildprocess.execution.BuildSessionLifecycleBuildActionExecutor.execute(BuildSessionLifecycleBuildActionExecutor.java:41)
	at org.gradle.internal.buildprocess.execution.StartParamsValidatingActionExecutor.execute(StartParamsValidatingActionExecutor.java:64)
	at org.gradle.internal.buildprocess.execution.StartParamsValidatingActionExecutor.execute(StartParamsValidatingActionExecutor.java:32)
	at org.gradle.internal.buildprocess.execution.SessionFailureReportingActionExecutor.execute(SessionFailureReportingActionExecutor.java:51)
	at org.gradle.internal.buildprocess.execution.SessionFailureReportingActionExecutor.execute(SessionFailureReportingActionExecutor.java:39)
	at org.gradle.internal.buildprocess.execution.SetupLoggingActionExecutor.execute(SetupLoggingActionExecutor.java:47)
	at org.gradle.internal.buildprocess.execution.SetupLoggingActionExecutor.execute(SetupLoggingActionExecutor.java:31)
	at org.gradle.launcher.daemon.server.exec.ExecuteBuild.doBuild(ExecuteBuild.java:70)
	at org.gradle.launcher.daemon.server.exec.BuildCommandOnly.execute(BuildCommandOnly.java:37)
	at org.gradle.launcher.daemon.server.api.DaemonCommandExecution.proceed(DaemonCommandExecution.java:104)
	at org.gradle.launcher.daemon.server.exec.WatchForDisconnection.execute(WatchForDisconnection.java:39)
	at org.gradle.launcher.daemon.server.api.DaemonCommandExecution.proceed(DaemonCommandExecution.java:104)
	at org.gradle.launcher.daemon.server.exec.ResetDeprecationLogger.execute(ResetDeprecationLogger.java:29)
	at org.gradle.launcher.daemon.server.api.DaemonCommandExecution.proceed(DaemonCommandExecution.java:104)
	at org.gradle.launcher.daemon.server.exec.RequestStopIfSingleUsedDaemon.execute(RequestStopIfSingleUsedDaemon.java:35)
	at org.gradle.launcher.daemon.server.api.DaemonCommandExecution.proceed(DaemonCommandExecution.java:104)
	at org.gradle.launcher.daemon.server.exec.ForwardClientInput.lambda$execute$0(ForwardClientInput.java:40)
	at org.gradle.internal.daemon.clientinput.ClientInputForwarder.forwardInput(ClientInputForwarder.java:80)
	at org.gradle.launcher.daemon.server.exec.ForwardClientInput.execute(ForwardClientInput.java:37)
	at org.gradle.launcher.daemon.server.api.DaemonCommandExecution.proceed(DaemonCommandExecution.java:104)
	at org.gradle.launcher.daemon.server.exec.LogAndCheckHealth.execute(LogAndCheckHealth.java:64)
	at org.gradle.launcher.daemon.server.api.DaemonCommandExecution.proceed(DaemonCommandExecution.java:104)
	at org.gradle.launcher.daemon.server.exec.LogToClient.doBuild(LogToClient.java:63)
	at org.gradle.launcher.daemon.server.exec.BuildCommandOnly.execute(BuildCommandOnly.java:37)
	at org.gradle.launcher.daemon.server.api.DaemonCommandExecution.proceed(DaemonCommandExecution.java:104)
	at org.gradle.launcher.daemon.server.exec.EstablishBuildEnvironment.doBuild(EstablishBuildEnvironment.java:84)
	at org.gradle.launcher.daemon.server.exec.BuildCommandOnly.execute(BuildCommandOnly.java:37)
	at org.gradle.launcher.daemon.server.api.DaemonCommandExecution.proceed(DaemonCommandExecution.java:104)
	at org.gradle.launcher.daemon.server.exec.StartBuildOrRespondWithBusy$1.run(StartBuildOrRespondWithBusy.java:52)
	at org.gradle.launcher.daemon.server.DaemonStateCoordinator.lambda$runCommand$0(DaemonStateCoordinator.java:321)
	at org.gradle.internal.concurrent.ExecutorPolicy$CatchAndRecordFailures.onExecute(ExecutorPolicy.java:64)
	at org.gradle.internal.concurrent.AbstractManagedExecutor$1.run(AbstractManagedExecutor.java:48)
Caused by: com.android.builder.errors.EvalIssueException: Installed Build Tools revision 35.0.0 is corrupted. Remove and install again using the SDK Manager.
	at com.android.builder.errors.IssueReporter.reportError(IssueReporter.kt:134)
	at com.android.build.gradle.internal.SdkHandler.initTarget(SdkHandler.java:156)
	at com.android.build.gradle.internal.SdkFullLoadingStrategy.init(SdkFullLoadingStrategy.kt:49)
	at com.android.build.gradle.internal.SdkFullLoadingStrategy.getTargetBootClasspath(SdkFullLoadingStrategy.kt:71)
	at com.android.build.gradle.internal.SdkLoadingStrategy.getTargetBootClasspath(SdkLoadingStrategy.kt:36)
	at com.android.build.gradle.internal.SdkComponentsBuildService$VersionedSdkLoader$targetBootClasspathProvider$1.call(SdkComponents.kt:193)
	at com.android.build.gradle.internal.SdkComponentsBuildService$VersionedSdkLoader$targetBootClasspathProvider$1.call(SdkComponents.kt:192)
	at org.gradle.api.internal.provider.DefaultProvider.calculateOwnValue(DefaultProvider.java:73)
	at org.gradle.api.internal.provider.AbstractMinimalProvider.calculateValue(AbstractMinimalProvider.java:117)
	at org.gradle.api.internal.provider.FlatMapProvider.calculateOwnValue(FlatMapProvider.java:54)
	at org.gradle.api.internal.provider.AbstractMinimalProvider.calculateValue(AbstractMinimalProvider.java:117)
	at org.gradle.api.internal.provider.FlatMapProvider.calculateOwnValue(FlatMapProvider.java:50)
	at org.gradle.api.internal.provider.AbstractMinimalProvider.calculateValue(AbstractMinimalProvider.java:117)
	at org.gradle.api.internal.provider.Collectors$ElementsFromCollectionProvider.collectEntries(Collectors.java:243)
	at org.gradle.api.internal.provider.AbstractCollectionProperty$CollectingSupplier.lambda$calculateOwnValue$0(AbstractCollectionProperty.java:502)
	at org.gradle.api.internal.provider.AbstractCollectingSupplier.calculateValue(AbstractCollectingSupplier.java:87)
	at org.gradle.api.internal.provider.AbstractCollectionProperty$CollectingSupplier.calculateOwnValue(AbstractCollectionProperty.java:501)
	at org.gradle.api.internal.provider.AbstractMinimalProvider.calculateValue(AbstractMinimalProvider.java:117)
	at org.gradle.api.internal.provider.AbstractCollectingSupplier.calculateValue(AbstractCollectingSupplier.java:41)
	at org.gradle.api.internal.provider.AbstractCollectionProperty.finalValue(AbstractCollectionProperty.java:315)
	at org.gradle.api.internal.provider.AbstractCollectionProperty.finalValue(AbstractCollectionProperty.java:79)
	at org.gradle.api.internal.provider.AbstractProperty.finalizeNow(AbstractProperty.java:308)
	at org.gradle.api.internal.provider.AbstractProperty.lambda$beforeRead$0(AbstractProperty.java:303)
	at org.gradle.api.internal.provider.ValueState.finalizeOnReadIfNeeded(ValueState.java:140)
	at org.gradle.api.internal.provider.AbstractProperty.beforeRead(AbstractProperty.java:303)
	at org.gradle.api.internal.provider.AbstractProperty.beforeRead(AbstractProperty.java:295)
	at org.gradle.api.internal.provider.AbstractProperty.calculateOwnValue(AbstractProperty.java:164)
	at org.gradle.api.internal.provider.AbstractMinimalProvider.calculateValue(AbstractMinimalProvider.java:117)
	at org.gradle.api.internal.provider.Collectors$ElementsFromCollectionProvider.collectEntries(Collectors.java:243)
	at org.gradle.api.internal.provider.AbstractCollectionProperty$CollectingSupplier.lambda$calculateOwnValue$0(AbstractCollectionProperty.java:502)
	at org.gradle.api.internal.provider.AbstractCollectingSupplier.calculateValue(AbstractCollectingSupplier.java:87)
	at org.gradle.api.internal.provider.AbstractCollectionProperty$CollectingSupplier.calculateOwnValue(AbstractCollectionProperty.java:501)
	at org.gradle.api.internal.provider.AbstractMinimalProvider.calculateValue(AbstractMinimalProvider.java:117)
	at org.gradle.api.internal.provider.AbstractCollectingSupplier.calculateValue(AbstractCollectingSupplier.java:41)
	at org.gradle.api.internal.provider.AbstractCollectionProperty.finalValue(AbstractCollectionProperty.java:315)
	at org.gradle.api.internal.provider.AbstractCollectionProperty.finalValue(AbstractCollectionProperty.java:79)
	at org.gradle.api.internal.provider.AbstractProperty.finalizeNow(AbstractProperty.java:308)
	at org.gradle.api.internal.provider.AbstractProperty.lambda$beforeRead$0(AbstractProperty.java:303)
	at org.gradle.api.internal.provider.ValueState.finalizeOnReadIfNeeded(ValueState.java:140)
	at org.gradle.api.internal.provider.AbstractProperty.beforeRead(AbstractProperty.java:303)
	at org.gradle.api.internal.provider.AbstractProperty.beforeRead(AbstractProperty.java:295)
	at org.gradle.api.internal.provider.AbstractProperty.calculateOwnValue(AbstractProperty.java:164)
	at org.gradle.api.internal.provider.AbstractMinimalProvider.calculateOwnPresentValue(AbstractMinimalProvider.java:82)
	at org.gradle.api.internal.provider.AbstractMinimalProvider.get(AbstractMinimalProvider.java:102)
	at com.android.build.gradle.BaseExtension.getBootClasspath(BaseExtension.kt:379)
	at com.android.build.gradle.internal.dsl.BaseAppModuleExtension_Decorated.getBootClasspath(Unknown Source)
	at org.jetbrains.kotlin.gradle.plugin.AndroidProjectHandler$wireKotlinTasks$1$1.invoke(AndroidProjectHandler.kt:264)
	at org.jetbrains.kotlin.gradle.plugin.AndroidProjectHandler$wireKotlinTasks$1$1.invoke(AndroidProjectHandler.kt:264)
	at org.gradle.util.internal.DeferredUtil.unpackKotlinFunction0(DeferredUtil.java:97)
	at org.gradle.util.internal.DeferredUtil.unpackNestableDeferred(DeferredUtil.java:85)
	at org.gradle.api.internal.file.collections.UnpackingVisitor.add(UnpackingVisitor.java:90)
	at org.gradle.api.internal.file.collections.DefaultConfigurableFileCollection$UnresolvedItemsCollector.visitContents(DefaultConfigurableFileCollection.java:616)
	at org.gradle.api.internal.file.collections.DefaultConfigurableFileCollection.visitChildren(DefaultConfigurableFileCollection.java:433)
	at org.gradle.api.internal.file.CompositeFileCollection.visitDependencies(CompositeFileCollection.java:102)
	at org.gradle.api.internal.file.collections.DefaultConfigurableFileCollection.visitDependencies(DefaultConfigurableFileCollection.java:439)
	at org.gradle.api.internal.AbstractTaskDependencyContainerVisitingContext.add(AbstractTaskDependencyContainerVisitingContext.java:46)
	at org.gradle.api.internal.file.collections.UnpackingVisitor.add(UnpackingVisitor.java:67)
	at org.gradle.api.internal.file.collections.ProviderBackedFileCollection.visitDependencies(ProviderBackedFileCollection.java:57)
	at org.gradle.api.internal.AbstractTaskDependencyContainerVisitingContext.add(AbstractTaskDependencyContainerVisitingContext.java:46)
	at org.gradle.api.internal.file.collections.UnpackingVisitor.add(UnpackingVisitor.java:77)
	at org.gradle.api.internal.file.collections.DefaultConfigurableFileCollection$UnresolvedItemsCollector.visitContents(DefaultConfigurableFileCollection.java:616)
	at org.gradle.api.internal.file.collections.DefaultConfigurableFileCollection.visitChildren(DefaultConfigurableFileCollection.java:433)
	at org.gradle.api.internal.file.CompositeFileCollection.visitDependencies(CompositeFileCollection.java:102)
	at org.gradle.api.internal.file.collections.DefaultConfigurableFileCollection.visitDependencies(DefaultConfigurableFileCollection.java:439)
	at org.gradle.api.internal.AbstractTaskDependencyContainerVisitingContext.add(AbstractTaskDependencyContainerVisitingContext.java:46)
	at org.gradle.api.internal.file.AbstractFileCollection.lambda$getBuildDependencies$0(AbstractFileCollection.java:98)
	at org.gradle.api.internal.tasks.DefaultTaskDependency.visitDependencies(DefaultTaskDependency.java:151)
	at org.gradle.api.internal.AbstractTaskDependencyContainerVisitingContext.add(AbstractTaskDependencyContainerVisitingContext.java:46)
	at org.gradle.api.internal.artifacts.ivyservice.resolveengine.artifact.LocalFileDependencyBackedArtifactSet.visitDependencies(LocalFileDependencyBackedArtifactSet.java:180)
	at org.gradle.api.internal.AbstractTaskDependencyContainerVisitingContext.add(AbstractTaskDependencyContainerVisitingContext.java:46)
	at org.gradle.api.internal.artifacts.ivyservice.resolveengine.artifact.DefaultSelectedArtifactSet.visitDependencies(DefaultSelectedArtifactSet.java:47)
	at org.gradle.api.internal.artifacts.configurations.ResolutionResultProviderBackedSelectedArtifactSet.visitDependencies(ResolutionResultProviderBackedSelectedArtifactSet.java:44)
	at org.gradle.api.internal.artifacts.configurations.ResolutionBackedFileCollection.visitDependencies(ResolutionBackedFileCollection.java:58)
	at org.gradle.api.internal.tasks.CachingTaskDependencyResolveContext$TaskGraphImpl.getNodeValues(CachingTaskDependencyResolveContext.java:108)
	at org.gradle.internal.graph.CachingDirectedGraphWalker$GraphWithEmptyEdges.getNodeValues(CachingDirectedGraphWalker.java:219)
	at org.gradle.internal.graph.CachingDirectedGraphWalker.doSearch(CachingDirectedGraphWalker.java:127)
	at org.gradle.internal.graph.CachingDirectedGraphWalker.findValues(CachingDirectedGraphWalker.java:79)
	at org.gradle.api.internal.tasks.CachingTaskDependencyResolveContext.getDependencies(CachingTaskDependencyResolveContext.java:67)
	... 139 more
Caused by: java.lang.IllegalStateException: Installed Build Tools revision 35.0.0 is corrupted. Remove and install again using the SDK Manager.
	at com.android.builder.sdk.DefaultSdkLoader.getTargetInfo(DefaultSdkLoader.java:187)
	at com.android.build.gradle.internal.SdkHandler.initTarget(SdkHandler.java:136)
	... 215 more


BUILD FAILED in 4s
